2026-06-26 11:27:31 | INFO     | main:3 | 🎬 [WORKER] Hệ thống Logger toàn cục theo phiên đã kích hoạt!
2026-06-26 11:27:37 | DEBUG    | __init__:350 | matplotlib data path: C:\Users\Admin\AppData\Local\Programs\Python\Python312\Lib\site-packages\matplotlib\mpl-data
2026-06-26 11:27:37 | DEBUG    | __init__:350 | CONFIGDIR=C:\Users\Admin\.matplotlib
2026-06-26 11:27:37 | DEBUG    | __init__:1511 | interactive is False
2026-06-26 11:27:37 | DEBUG    | __init__:1512 | platform is win32
2026-06-26 11:27:37 | DEBUG    | __init__:350 | CACHEDIR=C:\Users\Admin\.matplotlib
2026-06-26 11:27:37 | DEBUG    | font_manager:1574 | Using fontManager instance from C:\Users\Admin\.matplotlib\fontlist-v330.json
2026-06-26 11:27:42 | DEBUG    | loader:96 | Environment variable FAISS_OPT_LEVEL is not set, so let's pick the instruction set according to the current CPU
2026-06-26 11:27:42 | INFO     | loader:132 | Loading faiss with AVX2 support.
2026-06-26 11:27:42 | INFO     | loader:137 | Could not load library with AVX2 support due to:
ModuleNotFoundError("No module named 'faiss.swigfaiss_avx2'")
2026-06-26 11:27:42 | INFO     | loader:156 | Loading faiss.
2026-06-26 11:27:42 | INFO     | loader:158 | Successfully loaded faiss.
2026-06-26 11:27:42 | INFO     | main:62 | 
=======================================================
2026-06-26 11:27:42 | INFO     | main:63 | 🤖 WORKER YOLO AI ĐÃ SẴN SÀNG - ĐANG CHỜ MASTER GIAO VIỆC
2026-06-26 11:27:42 | INFO     | main:64 | =======================================================

2026-06-26 11:27:42 | DEBUG    | proactor_events:634 | Using proactor: IocpProactor
2026-06-26 11:27:42 | INFO     | websocket_service:36 | 🚀 Đã khởi động trạm trung chuyển Queue -> WebSocket
2026-06-26 11:27:42 | INFO     | heartbeat_service:61 | 💓 [Heartbeat Service] Đã kích hoạt máy đo nhịp tim chạy ngầm...
2026-06-26 11:27:44 | DEBUG    | heartbeat_service:51 | 💓 Nhịp tim gửi Master: {'server_id': 'SV_001', 'cpu_usage': 28.5, 'has_gpu': True, 'gpu_usage': 0, 'vram_free_gb': 3.87}
2026-06-26 11:27:44 | DEBUG    | connectionpool:241 | Starting new HTTP connection (1): 10.40.91.11:5000
2026-06-26 11:27:44 | DEBUG    | connectionpool:544 | http://10.40.91.11:5000 "POST /api/heartbeat HTTP/1.1" 200 68
2026-06-26 11:27:47 | DEBUG    | cameras_router:37 | 
🛑 Nhận lệnh Sync từ Master! Đang dọn dẹp 0 luồng YOLO cũ...
2026-06-26 11:27:48 | DEBUG    | cameras_router:67 | ✅ [OK] Camera cam_003 - Luồng hình ảnh ổn định.
2026-06-26 11:27:49 | DEBUG    | cameras_router:67 | ✅ [OK] Camera cam_002 - Luồng hình ảnh ổn định.
2026-06-26 11:27:50 | DEBUG    | cameras_router:67 | ✅ [OK] Camera cam_004 - Luồng hình ảnh ổn định.
2026-06-26 11:27:51 | DEBUG    | heartbeat_service:51 | 💓 Nhịp tim gửi Master: {'server_id': 'SV_001', 'cpu_usage': 38.9, 'has_gpu': True, 'gpu_usage': 0, 'vram_free_gb': 3.87}
2026-06-26 11:27:51 | DEBUG    | connectionpool:241 | Starting new HTTP connection (1): 10.40.91.11:5000
2026-06-26 11:27:51 | DEBUG    | connectionpool:544 | http://10.40.91.11:5000 "POST /api/heartbeat HTTP/1.1" 200 68
2026-06-26 11:27:53 | DEBUG    | cameras_router:67 | ✅ [OK] Camera cam_006 - Luồng hình ảnh ổn định.
2026-06-26 11:27:55 | DEBUG    | cameras_router:67 | ✅ [OK] Camera cam_008 - Luồng hình ảnh ổn định.
2026-06-26 11:27:58 | DEBUG    | cameras_router:67 | ✅ [OK] Camera cam_010 - Luồng hình ảnh ổn định.
2026-06-26 11:27:58 | DEBUG    | heartbeat_service:51 | 💓 Nhịp tim gửi Master: {'server_id': 'SV_001', 'cpu_usage': 20.6, 'has_gpu': True, 'gpu_usage': 0, 'vram_free_gb': 3.87}
2026-06-26 11:27:58 | DEBUG    | connectionpool:241 | Starting new HTTP connection (1): 10.40.91.11:5000
2026-06-26 11:27:58 | DEBUG    | connectionpool:544 | http://10.40.91.11:5000 "POST /api/heartbeat HTTP/1.1" 200 68
2026-06-26 11:28:00 | DEBUG    | cameras_router:67 | ✅ [OK] Camera cam_012 - Luồng hình ảnh ổn định.
2026-06-26 11:28:03 | DEBUG    | cameras_router:67 | ✅ [OK] Camera cam_005 - Luồng hình ảnh ổn định.
2026-06-26 11:28:05 | DEBUG    | heartbeat_service:51 | 💓 Nhịp tim gửi Master: {'server_id': 'SV_001', 'cpu_usage': 14.9, 'has_gpu': True, 'gpu_usage': 0, 'vram_free_gb': 3.87}
2026-06-26 11:28:05 | DEBUG    | connectionpool:241 | Starting new HTTP connection (1): 10.40.91.11:5000
2026-06-26 11:28:05 | DEBUG    | connectionpool:544 | http://10.40.91.11:5000 "POST /api/heartbeat HTTP/1.1" 200 68
2026-06-26 11:28:05 | DEBUG    | cameras_router:67 | ✅ [OK] Camera cam_009 - Luồng hình ảnh ổn định.
2026-06-26 11:28:07 | DEBUG    | cameras_router:67 | ✅ [OK] Camera cam_001 - Luồng hình ảnh ổn định.
2026-06-26 11:28:10 | DEBUG    | cameras_router:67 | ✅ [OK] Camera cam_011 - Luồng hình ảnh ổn định.
2026-06-26 11:28:11 | DEBUG    | heartbeat_service:51 | 💓 Nhịp tim gửi Master: {'server_id': 'SV_001', 'cpu_usage': 26.4, 'has_gpu': True, 'gpu_usage': 0, 'vram_free_gb': 3.87}
2026-06-26 11:28:11 | DEBUG    | connectionpool:241 | Starting new HTTP connection (1): 10.40.91.11:5000
2026-06-26 11:28:11 | DEBUG    | connectionpool:544 | http://10.40.91.11:5000 "POST /api/heartbeat HTTP/1.1" 200 68
2026-06-26 11:28:13 | DEBUG    | cameras_router:67 | ✅ [OK] Camera cam_007 - Luồng hình ảnh ổn định.
2026-06-26 11:28:13 | DEBUG    | yolo_service:144 | 🧠 [AUTO-SCALE] VRAM 3.9GB | Phân bổ tối ưu: 6 Cam / 1 YOLO
2026-06-26 11:28:13 | DEBUG    | cameras_router:25 | 🚀 BẮT ĐẦU CHIA LÔ CHO 12 CAMERA (Tối ưu: 6 Cam/1 YOLO) 🚀
2026-06-26 11:28:14 | INFO     | main:3 | 🎬 [WORKER] Hệ thống Logger toàn cục theo phiên đã kích hoạt!
2026-06-26 11:28:17 | DEBUG    | __init__:350 | matplotlib data path: C:\Users\Admin\AppData\Local\Programs\Python\Python312\Lib\site-packages\matplotlib\mpl-data
2026-06-26 11:28:17 | DEBUG    | __init__:350 | CONFIGDIR=C:\Users\Admin\.matplotlib
2026-06-26 11:28:17 | DEBUG    | __init__:1511 | interactive is False
2026-06-26 11:28:17 | DEBUG    | __init__:1512 | platform is win32
2026-06-26 11:28:17 | DEBUG    | __init__:350 | CACHEDIR=C:\Users\Admin\.matplotlib
2026-06-26 11:28:17 | DEBUG    | font_manager:1574 | Using fontManager instance from C:\Users\Admin\.matplotlib\fontlist-v330.json
2026-06-26 11:28:18 | DEBUG    | heartbeat_service:51 | 💓 Nhịp tim gửi Master: {'server_id': 'SV_001', 'cpu_usage': 30.8, 'has_gpu': True, 'gpu_usage': 0, 'vram_free_gb': 3.87}
2026-06-26 11:28:18 | DEBUG    | connectionpool:241 | Starting new HTTP connection (1): 10.40.91.11:5000
2026-06-26 11:28:18 | DEBUG    | connectionpool:544 | http://10.40.91.11:5000 "POST /api/heartbeat HTTP/1.1" 200 68
2026-06-26 11:28:20 | DEBUG    | loader:96 | Environment variable FAISS_OPT_LEVEL is not set, so let's pick the instruction set according to the current CPU
2026-06-26 11:28:20 | INFO     | loader:132 | Loading faiss with AVX2 support.
2026-06-26 11:28:20 | INFO     | loader:137 | Could not load library with AVX2 support due to:
ModuleNotFoundError("No module named 'faiss.swigfaiss_avx2'")
2026-06-26 11:28:20 | INFO     | loader:156 | Loading faiss.
2026-06-26 11:28:20 | INFO     | main:3 | 🎬 [WORKER] Hệ thống Logger toàn cục theo phiên đã kích hoạt!
2026-06-26 11:28:20 | INFO     | loader:158 | Successfully loaded faiss.
2026-06-26 11:28:20 | INFO     | yolo_service:42 | ⚙️ [YOLO SỐ 1] TIẾP NHẬN LÔ: ['cam_003', 'cam_002', 'cam_004', 'cam_006', 'cam_008', 'cam_010'] - ÉP SỬ DỤNG GPU TRƠN TRU
2026-06-26 11:28:21 | INFO     | yolo_service:51 | ✅ [YOLO SỐ 1] Đã nạp thành công ReIDGallery lên GPU.
2026-06-26 11:28:21 | INFO     | yolo_service:59 | 🤖 [CHECK GPU] YOLO của cam_003 đang chạy trên: cuda:0
2026-06-26 11:28:21 | INFO     | yolo_service:84 | 🚀 [SUCCESS] Đã kích hoạt luồng AI chạy ngầm cho cam_003
2026-06-26 11:28:21 | INFO     | yolo_service:59 | 🤖 [CHECK GPU] YOLO của cam_002 đang chạy trên: cuda:0
2026-06-26 11:28:21 | INFO     | yolo_service:84 | 🚀 [SUCCESS] Đã kích hoạt luồng AI chạy ngầm cho cam_002
2026-06-26 11:28:21 | INFO     | yolo_service:59 | 🤖 [CHECK GPU] YOLO của cam_004 đang chạy trên: cuda:0
2026-06-26 11:28:21 | INFO     | yolo_service:84 | 🚀 [SUCCESS] Đã kích hoạt luồng AI chạy ngầm cho cam_004
2026-06-26 11:28:22 | INFO     | yolo_service:59 | 🤖 [CHECK GPU] YOLO của cam_006 đang chạy trên: cuda:0
2026-06-26 11:28:22 | INFO     | yolo_service:84 | 🚀 [SUCCESS] Đã kích hoạt luồng AI chạy ngầm cho cam_006
2026-06-26 11:28:22 | INFO     | yolo_service:59 | 🤖 [CHECK GPU] YOLO của cam_008 đang chạy trên: cuda:0
2026-06-26 11:28:22 | INFO     | yolo_service:84 | 🚀 [SUCCESS] Đã kích hoạt luồng AI chạy ngầm cho cam_008
2026-06-26 11:28:22 | INFO     | yolo_service:59 | 🤖 [CHECK GPU] YOLO của cam_010 đang chạy trên: cuda:0
2026-06-26 11:28:22 | INFO     | yolo_service:84 | 🚀 [SUCCESS] Đã kích hoạt luồng AI chạy ngầm cho cam_010
2026-06-26 11:28:23 | DEBUG    | __init__:350 | matplotlib data path: C:\Users\Admin\AppData\Local\Programs\Python\Python312\Lib\site-packages\matplotlib\mpl-data
2026-06-26 11:28:23 | DEBUG    | __init__:350 | CONFIGDIR=C:\Users\Admin\.matplotlib
2026-06-26 11:28:23 | DEBUG    | __init__:1511 | interactive is False
2026-06-26 11:28:23 | DEBUG    | __init__:1512 | platform is win32
2026-06-26 11:28:23 | DEBUG    | __init__:350 | CACHEDIR=C:\Users\Admin\.matplotlib
2026-06-26 11:28:23 | DEBUG    | font_manager:1574 | Using fontManager instance from C:\Users\Admin\.matplotlib\fontlist-v330.json
2026-06-26 11:28:23 | DEBUG    | cameras_router:37 | 
🛑 Nhận lệnh Sync từ Master! Đang dọn dẹp 2 luồng YOLO cũ...
2026-06-26 11:28:24 | DEBUG    | heartbeat_service:51 | 💓 Nhịp tim gửi Master: {'server_id': 'SV_001', 'cpu_usage': 39.7, 'has_gpu': True, 'gpu_usage': 0, 'vram_free_gb': 3.72}
2026-06-26 11:28:24 | DEBUG    | connectionpool:241 | Starting new HTTP connection (1): 10.40.91.11:5000
2026-06-26 11:28:24 | DEBUG    | connectionpool:544 | http://10.40.91.11:5000 "POST /api/heartbeat HTTP/1.1" 200 68
2026-06-26 11:28:25 | INFO     | cameras_router:33 | ✅ Đã khởi động xong toàn bộ luồng YOLO!
2026-06-26 11:28:26 | DEBUG    | cameras_router:67 | ✅ [OK] Camera cam_001 - Luồng hình ảnh ổn định.
2026-06-26 11:28:27 | DEBUG    | cameras_router:67 | ✅ [OK] Camera cam_002 - Luồng hình ảnh ổn định.
2026-06-26 11:28:28 | DEBUG    | cameras_router:67 | ✅ [OK] Camera cam_004 - Luồng hình ảnh ổn định.
2026-06-26 11:28:31 | DEBUG    | cameras_router:67 | ✅ [OK] Camera cam_006 - Luồng hình ảnh ổn định.
2026-06-26 11:28:31 | DEBUG    | heartbeat_service:51 | 💓 Nhịp tim gửi Master: {'server_id': 'SV_001', 'cpu_usage': 45.2, 'has_gpu': True, 'gpu_usage': 0, 'vram_free_gb': 3.87}
2026-06-26 11:28:31 | DEBUG    | connectionpool:241 | Starting new HTTP connection (1): 10.40.91.11:5000
2026-06-26 11:28:31 | DEBUG    | connectionpool:544 | http://10.40.91.11:5000 "POST /api/heartbeat HTTP/1.1" 200 68
2026-06-26 11:28:33 | DEBUG    | cameras_router:67 | ✅ [OK] Camera cam_008 - Luồng hình ảnh ổn định.
2026-06-26 11:28:36 | DEBUG    | cameras_router:67 | ✅ [OK] Camera cam_011 - Luồng hình ảnh ổn định.
2026-06-26 11:28:38 | DEBUG    | heartbeat_service:51 | 💓 Nhịp tim gửi Master: {'server_id': 'SV_001', 'cpu_usage': 19.5, 'has_gpu': True, 'gpu_usage': 0, 'vram_free_gb': 3.87}
2026-06-26 11:28:38 | DEBUG    | connectionpool:241 | Starting new HTTP connection (1): 10.40.91.11:5000
2026-06-26 11:28:38 | DEBUG    | connectionpool:544 | http://10.40.91.11:5000 "POST /api/heartbeat HTTP/1.1" 200 68
2026-06-26 11:28:38 | DEBUG    | cameras_router:67 | ✅ [OK] Camera cam_013 - Luồng hình ảnh ổn định.
2026-06-26 11:28:41 | DEBUG    | cameras_router:67 | ✅ [OK] Camera cam_015 - Luồng hình ảnh ổn định.
2026-06-26 11:28:42 | DEBUG    | cameras_router:67 | ✅ [OK] Camera cam_017 - Luồng hình ảnh ổn định.
2026-06-26 11:28:44 | DEBUG    | heartbeat_service:51 | 💓 Nhịp tim gửi Master: {'server_id': 'SV_001', 'cpu_usage': 31.2, 'has_gpu': True, 'gpu_usage': 0, 'vram_free_gb': 3.87}
2026-06-26 11:28:44 | DEBUG    | connectionpool:241 | Starting new HTTP connection (1): 10.40.91.11:5000
2026-06-26 11:28:44 | DEBUG    | connectionpool:544 | http://10.40.91.11:5000 "POST /api/heartbeat HTTP/1.1" 200 68
2026-06-26 11:28:44 | DEBUG    | cameras_router:67 | ✅ [OK] Camera cam_019 - Luồng hình ảnh ổn định.
2026-06-26 11:28:46 | DEBUG    | cameras_router:67 | ✅ [OK] Camera cam_021 - Luồng hình ảnh ổn định.
2026-06-26 11:28:47 | DEBUG    | cameras_router:67 | ✅ [OK] Camera cam_023 - Luồng hình ảnh ổn định.
2026-06-26 11:28:48 | DEBUG    | cameras_router:67 | ✅ [OK] Camera cam_003 - Luồng hình ảnh ổn định.
2026-06-26 11:28:50 | DEBUG    | cameras_router:67 | ✅ [OK] Camera cam_007 - Luồng hình ảnh ổn định.
2026-06-26 11:28:51 | DEBUG    | heartbeat_service:51 | 💓 Nhịp tim gửi Master: {'server_id': 'SV_001', 'cpu_usage': 32.2, 'has_gpu': True, 'gpu_usage': 0, 'vram_free_gb': 3.87}
2026-06-26 11:28:51 | DEBUG    | connectionpool:241 | Starting new HTTP connection (1): 10.40.91.11:5000
2026-06-26 11:28:51 | DEBUG    | connectionpool:544 | http://10.40.91.11:5000 "POST /api/heartbeat HTTP/1.1" 200 68
2026-06-26 11:28:53 | DEBUG    | cameras_router:67 | ✅ [OK] Camera cam_010 - Luồng hình ảnh ổn định.
2026-06-26 11:28:55 | DEBUG    | cameras_router:67 | ✅ [OK] Camera cam_012 - Luồng hình ảnh ổn định.
2026-06-26 11:28:57 | DEBUG    | cameras_router:67 | ✅ [OK] Camera cam_016 - Luồng hình ảnh ổn định.
2026-06-26 11:28:58 | DEBUG    | heartbeat_service:51 | 💓 Nhịp tim gửi Master: {'server_id': 'SV_001', 'cpu_usage': 31.8, 'has_gpu': True, 'gpu_usage': 0, 'vram_free_gb': 3.87}
2026-06-26 11:28:58 | DEBUG    | connectionpool:241 | Starting new HTTP connection (1): 10.40.91.11:5000
2026-06-26 11:28:58 | DEBUG    | connectionpool:544 | http://10.40.91.11:5000 "POST /api/heartbeat HTTP/1.1" 200 68
2026-06-26 11:28:58 | DEBUG    | cameras_router:67 | ✅ [OK] Camera cam_020 - Luồng hình ảnh ổn định.
2026-06-26 11:28:59 | DEBUG    | cameras_router:67 | ✅ [OK] Camera cam_024 - Luồng hình ảnh ổn định.
2026-06-26 11:29:02 | DEBUG    | cameras_router:67 | ✅ [OK] Camera cam_009 - Luồng hình ảnh ổn định.
2026-06-26 11:29:04 | DEBUG    | cameras_router:67 | ✅ [OK] Camera cam_018 - Luồng hình ảnh ổn định.
2026-06-26 11:29:05 | DEBUG    | heartbeat_service:51 | 💓 Nhịp tim gửi Master: {'server_id': 'SV_001', 'cpu_usage': 17.4, 'has_gpu': True, 'gpu_usage': 0, 'vram_free_gb': 3.87}
2026-06-26 11:29:05 | DEBUG    | connectionpool:241 | Starting new HTTP connection (1): 10.40.91.11:5000
2026-06-26 11:29:05 | DEBUG    | connectionpool:544 | http://10.40.91.11:5000 "POST /api/heartbeat HTTP/1.1" 200 68
2026-06-26 11:29:07 | DEBUG    | cameras_router:67 | ✅ [OK] Camera cam_005 - Luồng hình ảnh ổn định.
2026-06-26 11:29:08 | DEBUG    | cameras_router:67 | ✅ [OK] Camera cam_022 - Luồng hình ảnh ổn định.
2026-06-26 11:29:11 | DEBUG    | cameras_router:67 | ✅ [OK] Camera cam_014 - Luồng hình ảnh ổn định.
2026-06-26 11:29:11 | DEBUG    | heartbeat_service:51 | 💓 Nhịp tim gửi Master: {'server_id': 'SV_001', 'cpu_usage': 29.0, 'has_gpu': True, 'gpu_usage': 0, 'vram_free_gb': 3.87}
2026-06-26 11:29:11 | DEBUG    | connectionpool:241 | Starting new HTTP connection (1): 10.40.91.11:5000
2026-06-26 11:29:11 | DEBUG    | connectionpool:544 | http://10.40.91.11:5000 "POST /api/heartbeat HTTP/1.1" 200 68
2026-06-26 11:29:12 | DEBUG    | yolo_service:144 | 🧠 [AUTO-SCALE] VRAM 3.9GB | Phân bổ tối ưu: 6 Cam / 1 YOLO
2026-06-26 11:29:12 | DEBUG    | cameras_router:25 | 🚀 BẮT ĐẦU CHIA LÔ CHO 24 CAMERA (Tối ưu: 6 Cam/1 YOLO) 🚀
2026-06-26 11:29:12 | INFO     | main:3 | 🎬 [WORKER] Hệ thống Logger toàn cục theo phiên đã kích hoạt!
2026-06-26 11:29:15 | DEBUG    | __init__:350 | matplotlib data path: C:\Users\Admin\AppData\Local\Programs\Python\Python312\Lib\site-packages\matplotlib\mpl-data
2026-06-26 11:29:15 | DEBUG    | __init__:350 | CONFIGDIR=C:\Users\Admin\.matplotlib
2026-06-26 11:29:15 | DEBUG    | __init__:1511 | interactive is False
2026-06-26 11:29:15 | DEBUG    | __init__:1512 | platform is win32
2026-06-26 11:29:15 | DEBUG    | __init__:350 | CACHEDIR=C:\Users\Admin\.matplotlib
2026-06-26 11:29:15 | DEBUG    | font_manager:1574 | Using fontManager instance from C:\Users\Admin\.matplotlib\fontlist-v330.json
2026-06-26 11:29:18 | INFO     | main:3 | 🎬 [WORKER] Hệ thống Logger toàn cục theo phiên đã kích hoạt!
2026-06-26 11:29:18 | DEBUG    | heartbeat_service:51 | 💓 Nhịp tim gửi Master: {'server_id': 'SV_001', 'cpu_usage': 31.9, 'has_gpu': True, 'gpu_usage': 0, 'vram_free_gb': 3.87}
2026-06-26 11:29:18 | DEBUG    | connectionpool:241 | Starting new HTTP connection (1): 10.40.91.11:5000
2026-06-26 11:29:18 | DEBUG    | connectionpool:544 | http://10.40.91.11:5000 "POST /api/heartbeat HTTP/1.1" 200 68
2026-06-26 11:29:18 | DEBUG    | loader:96 | Environment variable FAISS_OPT_LEVEL is not set, so let's pick the instruction set according to the current CPU
2026-06-26 11:29:18 | INFO     | loader:132 | Loading faiss with AVX2 support.
2026-06-26 11:29:18 | INFO     | loader:137 | Could not load library with AVX2 support due to:
ModuleNotFoundError("No module named 'faiss.swigfaiss_avx2'")
2026-06-26 11:29:18 | INFO     | loader:156 | Loading faiss.
2026-06-26 11:29:18 | INFO     | loader:158 | Successfully loaded faiss.
2026-06-26 11:29:18 | INFO     | yolo_service:42 | ⚙️ [YOLO SỐ 1] TIẾP NHẬN LÔ: ['cam_001', 'cam_002', 'cam_004', 'cam_006', 'cam_008', 'cam_011'] - ÉP SỬ DỤNG GPU TRƠN TRU
2026-06-26 11:29:19 | INFO     | yolo_service:51 | ✅ [YOLO SỐ 1] Đã nạp thành công ReIDGallery lên GPU.
2026-06-26 11:29:19 | INFO     | yolo_service:59 | 🤖 [CHECK GPU] YOLO của cam_001 đang chạy trên: cuda:0
2026-06-26 11:29:19 | INFO     | yolo_service:84 | 🚀 [SUCCESS] Đã kích hoạt luồng AI chạy ngầm cho cam_001
2026-06-26 11:29:19 | INFO     | yolo_service:59 | 🤖 [CHECK GPU] YOLO của cam_002 đang chạy trên: cuda:0
2026-06-26 11:29:19 | INFO     | yolo_service:84 | 🚀 [SUCCESS] Đã kích hoạt luồng AI chạy ngầm cho cam_002
2026-06-26 11:29:19 | INFO     | yolo_service:59 | 🤖 [CHECK GPU] YOLO của cam_004 đang chạy trên: cuda:0
2026-06-26 11:29:19 | INFO     | yolo_service:84 | 🚀 [SUCCESS] Đã kích hoạt luồng AI chạy ngầm cho cam_004
2026-06-26 11:29:20 | INFO     | yolo_service:59 | 🤖 [CHECK GPU] YOLO của cam_006 đang chạy trên: cuda:0
2026-06-26 11:29:20 | INFO     | yolo_service:84 | 🚀 [SUCCESS] Đã kích hoạt luồng AI chạy ngầm cho cam_006
2026-06-26 11:29:20 | INFO     | yolo_service:59 | 🤖 [CHECK GPU] YOLO của cam_008 đang chạy trên: cuda:0
2026-06-26 11:29:20 | INFO     | yolo_service:84 | 🚀 [SUCCESS] Đã kích hoạt luồng AI chạy ngầm cho cam_008
2026-06-26 11:29:20 | INFO     | yolo_service:59 | 🤖 [CHECK GPU] YOLO của cam_011 đang chạy trên: cuda:0
2026-06-26 11:29:20 | INFO     | yolo_service:84 | 🚀 [SUCCESS] Đã kích hoạt luồng AI chạy ngầm cho cam_011
2026-06-26 11:29:21 | DEBUG    | __init__:350 | matplotlib data path: C:\Users\Admin\AppData\Local\Programs\Python\Python312\Lib\site-packages\matplotlib\mpl-data
2026-06-26 11:29:21 | DEBUG    | __init__:350 | CONFIGDIR=C:\Users\Admin\.matplotlib
2026-06-26 11:29:21 | DEBUG    | __init__:1511 | interactive is False
2026-06-26 11:29:21 | DEBUG    | __init__:1512 | platform is win32
2026-06-26 11:29:21 | DEBUG    | __init__:350 | CACHEDIR=C:\Users\Admin\.matplotlib
2026-06-26 11:29:21 | DEBUG    | font_manager:1574 | Using fontManager instance from C:\Users\Admin\.matplotlib\fontlist-v330.json
2026-06-26 11:29:22 | DEBUG    | cameras_router:37 | 
🛑 Nhận lệnh Sync từ Master! Đang dọn dẹp 2 luồng YOLO cũ...
2026-06-26 11:29:24 | INFO     | main:3 | 🎬 [WORKER] Hệ thống Logger toàn cục theo phiên đã kích hoạt!
2026-06-26 11:29:24 | DEBUG    | cameras_router:67 | ✅ [OK] Camera cam_001 - Luồng hình ảnh ổn định.
2026-06-26 11:29:25 | DEBUG    | heartbeat_service:51 | 💓 Nhịp tim gửi Master: {'server_id': 'SV_001', 'cpu_usage': 33.0, 'has_gpu': True, 'gpu_usage': 0, 'vram_free_gb': 3.87}
2026-06-26 11:29:25 | DEBUG    | connectionpool:241 | Starting new HTTP connection (1): 10.40.91.11:5000
2026-06-26 11:29:25 | DEBUG    | connectionpool:544 | http://10.40.91.11:5000 "POST /api/heartbeat HTTP/1.1" 200 68
2026-06-26 11:29:25 | DEBUG    | cameras_router:67 | ✅ [OK] Camera cam_002 - Luồng hình ảnh ổn định.
2026-06-26 11:29:26 | DEBUG    | cameras_router:67 | ✅ [OK] Camera cam_004 - Luồng hình ảnh ổn định.
2026-06-26 11:29:27 | DEBUG    | __init__:350 | matplotlib data path: C:\Users\Admin\AppData\Local\Programs\Python\Python312\Lib\site-packages\matplotlib\mpl-data
2026-06-26 11:29:28 | DEBUG    | __init__:350 | CONFIGDIR=C:\Users\Admin\.matplotlib
2026-06-26 11:29:28 | DEBUG    | __init__:1511 | interactive is False
2026-06-26 11:29:28 | DEBUG    | __init__:1512 | platform is win32
2026-06-26 11:29:28 | DEBUG    | __init__:350 | CACHEDIR=C:\Users\Admin\.matplotlib
2026-06-26 11:29:28 | DEBUG    | font_manager:1574 | Using fontManager instance from C:\Users\Admin\.matplotlib\fontlist-v330.json
2026-06-26 11:29:29 | DEBUG    | cameras_router:67 | ✅ [OK] Camera cam_006 - Luồng hình ảnh ổn định.
2026-06-26 11:29:30 | INFO     | main:3 | 🎬 [WORKER] Hệ thống Logger toàn cục theo phiên đã kích hoạt!
2026-06-26 11:29:30 | DEBUG    | loader:96 | Environment variable FAISS_OPT_LEVEL is not set, so let's pick the instruction set according to the current CPU
2026-06-26 11:29:30 | INFO     | loader:132 | Loading faiss with AVX2 support.
2026-06-26 11:29:30 | INFO     | loader:137 | Could not load library with AVX2 support due to:
ModuleNotFoundError("No module named 'faiss.swigfaiss_avx2'")
2026-06-26 11:29:30 | INFO     | loader:156 | Loading faiss.
2026-06-26 11:29:30 | INFO     | loader:158 | Successfully loaded faiss.
2026-06-26 11:29:30 | INFO     | yolo_service:42 | ⚙️ [YOLO SỐ 3] TIẾP NHẬN LÔ: ['cam_003', 'cam_007', 'cam_010', 'cam_012', 'cam_016', 'cam_020'] - ÉP SỬ DỤNG GPU TRƠN TRU
2026-06-26 11:29:31 | INFO     | yolo_service:51 | ✅ [YOLO SỐ 3] Đã nạp thành công ReIDGallery lên GPU.
2026-06-26 11:29:31 | INFO     | yolo_service:59 | 🤖 [CHECK GPU] YOLO của cam_003 đang chạy trên: cuda:0
2026-06-26 11:29:31 | INFO     | yolo_service:84 | 🚀 [SUCCESS] Đã kích hoạt luồng AI chạy ngầm cho cam_003
2026-06-26 11:29:31 | INFO     | yolo_service:59 | 🤖 [CHECK GPU] YOLO của cam_007 đang chạy trên: cuda:0
2026-06-26 11:29:31 | INFO     | yolo_service:84 | 🚀 [SUCCESS] Đã kích hoạt luồng AI chạy ngầm cho cam_007
2026-06-26 11:29:31 | INFO     | yolo_service:59 | 🤖 [CHECK GPU] YOLO của cam_010 đang chạy trên: cuda:0
2026-06-26 11:29:31 | INFO     | yolo_service:84 | 🚀 [SUCCESS] Đã kích hoạt luồng AI chạy ngầm cho cam_010
2026-06-26 11:29:31 | INFO     | yolo_service:59 | 🤖 [CHECK GPU] YOLO của cam_012 đang chạy trên: cuda:0
2026-06-26 11:29:31 | INFO     | yolo_service:84 | 🚀 [SUCCESS] Đã kích hoạt luồng AI chạy ngầm cho cam_012
2026-06-26 11:29:31 | INFO     | yolo_service:59 | 🤖 [CHECK GPU] YOLO của cam_016 đang chạy trên: cuda:0
2026-06-26 11:29:31 | INFO     | yolo_service:84 | 🚀 [SUCCESS] Đã kích hoạt luồng AI chạy ngầm cho cam_016
2026-06-26 11:29:31 | INFO     | yolo_service:59 | 🤖 [CHECK GPU] YOLO của cam_020 đang chạy trên: cuda:0
2026-06-26 11:29:31 | INFO     | yolo_service:84 | 🚀 [SUCCESS] Đã kích hoạt luồng AI chạy ngầm cho cam_020
2026-06-26 11:29:31 | DEBUG    | heartbeat_service:51 | 💓 Nhịp tim gửi Master: {'server_id': 'SV_001', 'cpu_usage': 37.3, 'has_gpu': True, 'gpu_usage': 0, 'vram_free_gb': 3.87}
2026-06-26 11:29:31 | DEBUG    | connectionpool:241 | Starting new HTTP connection (1): 10.40.91.11:5000
2026-06-26 11:29:31 | DEBUG    | connectionpool:544 | http://10.40.91.11:5000 "POST /api/heartbeat HTTP/1.1" 200 68
2026-06-26 11:29:32 | DEBUG    | cameras_router:67 | ✅ [OK] Camera cam_008 - Luồng hình ảnh ổn định.
2026-06-26 11:29:33 | DEBUG    | __init__:350 | matplotlib data path: C:\Users\Admin\AppData\Local\Programs\Python\Python312\Lib\site-packages\matplotlib\mpl-data
2026-06-26 11:29:33 | DEBUG    | __init__:350 | CONFIGDIR=C:\Users\Admin\.matplotlib
2026-06-26 11:29:33 | DEBUG    | __init__:1511 | interactive is False
2026-06-26 11:29:33 | DEBUG    | __init__:1512 | platform is win32
2026-06-26 11:29:33 | DEBUG    | __init__:350 | CACHEDIR=C:\Users\Admin\.matplotlib
2026-06-26 11:29:33 | DEBUG    | font_manager:1574 | Using fontManager instance from C:\Users\Admin\.matplotlib\fontlist-v330.json
2026-06-26 11:29:34 | DEBUG    | cameras_router:67 | ✅ [OK] Camera cam_010 - Luồng hình ảnh ổn định.
2026-06-26 11:29:36 | INFO     | cameras_router:33 | ✅ Đã khởi động xong toàn bộ luồng YOLO!
2026-06-26 11:29:36 | DEBUG    | loader:96 | Environment variable FAISS_OPT_LEVEL is not set, so let's pick the instruction set according to the current CPU
2026-06-26 11:29:36 | INFO     | loader:132 | Loading faiss with AVX2 support.
2026-06-26 11:29:36 | INFO     | loader:137 | Could not load library with AVX2 support due to:
ModuleNotFoundError("No module named 'faiss.swigfaiss_avx2'")
2026-06-26 11:29:36 | INFO     | loader:156 | Loading faiss.
2026-06-26 11:29:36 | INFO     | loader:158 | Successfully loaded faiss.
2026-06-26 11:29:36 | INFO     | yolo_service:42 | ⚙️ [YOLO SỐ 4] TIẾP NHẬN LÔ: ['cam_024', 'cam_009', 'cam_018', 'cam_005', 'cam_022', 'cam_014'] - ÉP SỬ DỤNG GPU TRƠN TRU
2026-06-26 11:29:36 | INFO     | yolo_service:51 | ✅ [YOLO SỐ 4] Đã nạp thành công ReIDGallery lên GPU.
2026-06-26 11:29:36 | INFO     | yolo_service:59 | 🤖 [CHECK GPU] YOLO của cam_024 đang chạy trên: cuda:0
2026-06-26 11:29:36 | INFO     | yolo_service:84 | 🚀 [SUCCESS] Đã kích hoạt luồng AI chạy ngầm cho cam_024
2026-06-26 11:29:36 | DEBUG    | cameras_router:67 | ✅ [OK] Camera cam_012 - Luồng hình ảnh ổn định.
2026-06-26 11:29:36 | INFO     | yolo_service:59 | 🤖 [CHECK GPU] YOLO của cam_009 đang chạy trên: cuda:0
2026-06-26 11:29:36 | INFO     | yolo_service:84 | 🚀 [SUCCESS] Đã kích hoạt luồng AI chạy ngầm cho cam_009
2026-06-26 11:29:37 | INFO     | yolo_service:59 | 🤖 [CHECK GPU] YOLO của cam_018 đang chạy trên: cuda:0
2026-06-26 11:29:37 | INFO     | yolo_service:84 | 🚀 [SUCCESS] Đã kích hoạt luồng AI chạy ngầm cho cam_018
2026-06-26 11:29:37 | INFO     | yolo_service:59 | 🤖 [CHECK GPU] YOLO của cam_005 đang chạy trên: cuda:0
2026-06-26 11:29:37 | INFO     | yolo_service:84 | 🚀 [SUCCESS] Đã kích hoạt luồng AI chạy ngầm cho cam_005
2026-06-26 11:29:37 | INFO     | yolo_service:59 | 🤖 [CHECK GPU] YOLO của cam_022 đang chạy trên: cuda:0
2026-06-26 11:29:37 | INFO     | yolo_service:84 | 🚀 [SUCCESS] Đã kích hoạt luồng AI chạy ngầm cho cam_022
2026-06-26 11:29:37 | INFO     | yolo_service:59 | 🤖 [CHECK GPU] YOLO của cam_014 đang chạy trên: cuda:0
2026-06-26 11:29:37 | INFO     | yolo_service:84 | 🚀 [SUCCESS] Đã kích hoạt luồng AI chạy ngầm cho cam_014
2026-06-26 11:29:37 | DEBUG    | heartbeat_service:51 | 💓 Nhịp tim gửi Master: {'server_id': 'SV_001', 'cpu_usage': 28.4, 'has_gpu': True, 'gpu_usage': 0, 'vram_free_gb': 3.58}
2026-06-26 11:29:37 | DEBUG    | connectionpool:241 | Starting new HTTP connection (1): 10.40.91.11:5000
2026-06-26 11:29:37 | DEBUG    | connectionpool:544 | http://10.40.91.11:5000 "POST /api/heartbeat HTTP/1.1" 200 68
2026-06-26 11:29:39 | DEBUG    | cameras_router:67 | ✅ [OK] Camera cam_014 - Luồng hình ảnh ổn định.
2026-06-26 11:29:40 | DEBUG    | cameras_router:67 | ✅ [OK] Camera cam_016 - Luồng hình ảnh ổn định.
2026-06-26 11:29:43 | DEBUG    | cameras_router:67 | ✅ [OK] Camera cam_018 - Luồng hình ảnh ổn định.
2026-06-26 11:29:44 | DEBUG    | heartbeat_service:51 | 💓 Nhịp tim gửi Master: {'server_id': 'SV_001', 'cpu_usage': 31.5, 'has_gpu': True, 'gpu_usage': 0, 'vram_free_gb': 3.58}
2026-06-26 11:29:44 | DEBUG    | connectionpool:241 | Starting new HTTP connection (1): 10.40.91.11:5000
2026-06-26 11:29:44 | DEBUG    | connectionpool:544 | http://10.40.91.11:5000 "POST /api/heartbeat HTTP/1.1" 200 68
2026-06-26 11:29:44 | DEBUG    | cameras_router:67 | ✅ [OK] Camera cam_020 - Luồng hình ảnh ổn định.
2026-06-26 11:29:45 | DEBUG    | cameras_router:67 | ✅ [OK] Camera cam_022 - Luồng hình ảnh ổn định.
2026-06-26 11:29:46 | DEBUG    | cameras_router:67 | ✅ [OK] Camera cam_024 - Luồng hình ảnh ổn định.
2026-06-26 11:29:48 | DEBUG    | cameras_router:67 | ✅ [OK] Camera cam_026 - Luồng hình ảnh ổn định.
2026-06-26 11:29:49 | DEBUG    | cameras_router:67 | ✅ [OK] Camera cam_028 - Luồng hình ảnh ổn định.
2026-06-26 11:29:50 | DEBUG    | heartbeat_service:51 | 💓 Nhịp tim gửi Master: {'server_id': 'SV_001', 'cpu_usage': 43.7, 'has_gpu': True, 'gpu_usage': 0, 'vram_free_gb': 3.58}
2026-06-26 11:29:50 | DEBUG    | connectionpool:241 | Starting new HTTP connection (1): 10.40.91.11:5000
2026-06-26 11:29:50 | DEBUG    | connectionpool:544 | http://10.40.91.11:5000 "POST /api/heartbeat HTTP/1.1" 200 68
2026-06-26 11:29:50 | DEBUG    | cameras_router:67 | ✅ [OK] Camera cam_030 - Luồng hình ảnh ổn định.
2026-06-26 11:29:51 | DEBUG    | cameras_router:67 | ✅ [OK] Camera cam_032 - Luồng hình ảnh ổn định.
2026-06-26 11:29:53 | DEBUG    | cameras_router:67 | ✅ [OK] Camera cam_034 - Luồng hình ảnh ổn định.
2026-06-26 11:29:54 | DEBUG    | cameras_router:67 | ✅ [OK] Camera cam_036 - Luồng hình ảnh ổn định.
2026-06-26 11:29:56 | DEBUG    | heartbeat_service:51 | 💓 Nhịp tim gửi Master: {'server_id': 'SV_001', 'cpu_usage': 28.5, 'has_gpu': True, 'gpu_usage': 0, 'vram_free_gb': 3.58}
2026-06-26 11:29:56 | DEBUG    | connectionpool:241 | Starting new HTTP connection (1): 10.40.91.11:5000
2026-06-26 11:29:56 | DEBUG    | connectionpool:544 | http://10.40.91.11:5000 "POST /api/heartbeat HTTP/1.1" 200 68
2026-06-26 11:29:57 | DEBUG    | cameras_router:67 | ✅ [OK] Camera cam_005 - Luồng hình ảnh ổn định.
2026-06-26 11:29:59 | DEBUG    | cameras_router:67 | ✅ [OK] Camera cam_009 - Luồng hình ảnh ổn định.
2026-06-26 11:30:02 | DEBUG    | cameras_router:67 | ✅ [OK] Camera cam_013 - Luồng hình ảnh ổn định.
2026-06-26 11:30:02 | DEBUG    | heartbeat_service:51 | 💓 Nhịp tim gửi Master: {'server_id': 'SV_001', 'cpu_usage': 47.8, 'has_gpu': True, 'gpu_usage': 0, 'vram_free_gb': 3.58}
2026-06-26 11:30:02 | DEBUG    | connectionpool:241 | Starting new HTTP connection (1): 10.40.91.11:5000
2026-06-26 11:30:02 | DEBUG    | connectionpool:544 | http://10.40.91.11:5000 "POST /api/heartbeat HTTP/1.1" 200 68
2026-06-26 11:30:03 | DEBUG    | cameras_router:67 | ✅ [OK] Camera cam_017 - Luồng hình ảnh ổn định.
2026-06-26 11:30:04 | DEBUG    | cameras_router:67 | ✅ [OK] Camera cam_021 - Luồng hình ảnh ổn định.
2026-06-26 11:30:07 | DEBUG    | cameras_router:67 | ✅ [OK] Camera cam_025 - Luồng hình ảnh ổn định.
2026-06-26 11:30:08 | DEBUG    | cameras_router:67 | ✅ [OK] Camera cam_029 - Luồng hình ảnh ổn định.
2026-06-26 11:30:08 | DEBUG    | heartbeat_service:51 | 💓 Nhịp tim gửi Master: {'server_id': 'SV_001', 'cpu_usage': 32.4, 'has_gpu': True, 'gpu_usage': 0, 'vram_free_gb': 3.58}
2026-06-26 11:30:08 | DEBUG    | connectionpool:241 | Starting new HTTP connection (1): 10.40.91.11:5000
2026-06-26 11:30:08 | DEBUG    | connectionpool:544 | http://10.40.91.11:5000 "POST /api/heartbeat HTTP/1.1" 200 68
2026-06-26 11:30:09 | DEBUG    | cameras_router:67 | ✅ [OK] Camera cam_033 - Luồng hình ảnh ổn định.
2026-06-26 11:30:10 | DEBUG    | cameras_router:67 | ✅ [OK] Camera cam_003 - Luồng hình ảnh ổn định.
2026-06-26 11:30:13 | DEBUG    | cameras_router:67 | ✅ [OK] Camera cam_011 - Luồng hình ảnh ổn định.
2026-06-26 11:30:15 | DEBUG    | heartbeat_service:51 | 💓 Nhịp tim gửi Master: {'server_id': 'SV_001', 'cpu_usage': 19.6, 'has_gpu': True, 'gpu_usage': 0, 'vram_free_gb': 3.87}
2026-06-26 11:30:15 | DEBUG    | connectionpool:241 | Starting new HTTP connection (1): 10.40.91.11:5000
2026-06-26 11:30:15 | DEBUG    | connectionpool:544 | http://10.40.91.11:5000 "POST /api/heartbeat HTTP/1.1" 200 68
2026-06-26 11:30:15 | DEBUG    | cameras_router:67 | ✅ [OK] Camera cam_019 - Luồng hình ảnh ổn định.
2026-06-26 11:30:17 | DEBUG    | cameras_router:67 | ✅ [OK] Camera cam_027 - Luồng hình ảnh ổn định.
2026-06-26 11:30:18 | DEBUG    | cameras_router:67 | ✅ [OK] Camera cam_035 - Luồng hình ảnh ổn định.
2026-06-26 11:30:20 | DEBUG    | cameras_router:67 | ✅ [OK] Camera cam_015 - Luồng hình ảnh ổn định.
2026-06-26 11:30:22 | DEBUG    | heartbeat_service:51 | 💓 Nhịp tim gửi Master: {'server_id': 'SV_001', 'cpu_usage': 41.5, 'has_gpu': True, 'gpu_usage': 0, 'vram_free_gb': 3.87}
2026-06-26 11:30:22 | DEBUG    | connectionpool:241 | Starting new HTTP connection (1): 10.40.91.11:5000
2026-06-26 11:30:22 | DEBUG    | connectionpool:544 | http://10.40.91.11:5000 "POST /api/heartbeat HTTP/1.1" 200 68
2026-06-26 11:30:22 | DEBUG    | cameras_router:67 | ✅ [OK] Camera cam_031 - Luồng hình ảnh ổn định.
2026-06-26 11:30:23 | DEBUG    | cameras_router:67 | ✅ [OK] Camera cam_023 - Luồng hình ảnh ổn định.
2026-06-26 11:30:25 | DEBUG    | cameras_router:67 | ✅ [OK] Camera cam_007 - Luồng hình ảnh ổn định.
2026-06-26 11:30:26 | DEBUG    | yolo_service:144 | 🧠 [AUTO-SCALE] VRAM 3.9GB | Phân bổ tối ưu: 6 Cam / 1 YOLO
2026-06-26 11:30:26 | DEBUG    | cameras_router:25 | 🚀 BẮT ĐẦU CHIA LÔ CHO 36 CAMERA (Tối ưu: 6 Cam/1 YOLO) 🚀
2026-06-26 11:30:26 | INFO     | main:3 | 🎬 [WORKER] Hệ thống Logger toàn cục theo phiên đã kích hoạt!
2026-06-26 11:30:28 | DEBUG    | heartbeat_service:51 | 💓 Nhịp tim gửi Master: {'server_id': 'SV_001', 'cpu_usage': 55.2, 'has_gpu': True, 'gpu_usage': 0, 'vram_free_gb': 3.87}
2026-06-26 11:30:28 | DEBUG    | connectionpool:241 | Starting new HTTP connection (1): 10.40.91.11:5000
2026-06-26 11:30:28 | DEBUG    | connectionpool:544 | http://10.40.91.11:5000 "POST /api/heartbeat HTTP/1.1" 200 68
2026-06-26 11:30:30 | DEBUG    | __init__:350 | matplotlib data path: C:\Users\Admin\AppData\Local\Programs\Python\Python312\Lib\site-packages\matplotlib\mpl-data
2026-06-26 11:30:30 | DEBUG    | __init__:350 | CONFIGDIR=C:\Users\Admin\.matplotlib
2026-06-26 11:30:30 | DEBUG    | __init__:1511 | interactive is False
2026-06-26 11:30:30 | DEBUG    | __init__:1512 | platform is win32
2026-06-26 11:30:30 | DEBUG    | __init__:350 | CACHEDIR=C:\Users\Admin\.matplotlib
2026-06-26 11:30:30 | DEBUG    | font_manager:1574 | Using fontManager instance from C:\Users\Admin\.matplotlib\fontlist-v330.json
2026-06-26 11:30:32 | INFO     | main:3 | 🎬 [WORKER] Hệ thống Logger toàn cục theo phiên đã kích hoạt!
2026-06-26 11:30:33 | DEBUG    | loader:96 | Environment variable FAISS_OPT_LEVEL is not set, so let's pick the instruction set according to the current CPU
2026-06-26 11:30:33 | INFO     | loader:132 | Loading faiss with AVX2 support.
2026-06-26 11:30:33 | INFO     | loader:137 | Could not load library with AVX2 support due to:
ModuleNotFoundError("No module named 'faiss.swigfaiss_avx2'")
2026-06-26 11:30:33 | INFO     | loader:156 | Loading faiss.
2026-06-26 11:30:33 | INFO     | loader:158 | Successfully loaded faiss.
2026-06-26 11:30:33 | INFO     | yolo_service:42 | ⚙️ [YOLO SỐ 1] TIẾP NHẬN LÔ: ['cam_001', 'cam_002', 'cam_004', 'cam_006', 'cam_008', 'cam_010'] - ÉP SỬ DỤNG GPU TRƠN TRU
2026-06-26 11:30:33 | DEBUG    | yolo_service:45 | ⚙️ [CPU hay GPU] Server đang chạy yolo bằng: cuda:0
2026-06-26 11:30:34 | INFO     | yolo_service:51 | ✅ [YOLO SỐ 1] Đã nạp thành công ReIDGallery lên GPU.
2026-06-26 11:30:34 | INFO     | yolo_service:59 | 🤖 [CHECK GPU] YOLO của cam_001 đang chạy trên: cuda:0
2026-06-26 11:30:34 | INFO     | yolo_service:84 | 🚀 [SUCCESS] Đã kích hoạt luồng AI chạy ngầm cho cam_001
2026-06-26 11:30:34 | INFO     | yolo_service:59 | 🤖 [CHECK GPU] YOLO của cam_002 đang chạy trên: cuda:0
2026-06-26 11:30:34 | INFO     | yolo_service:84 | 🚀 [SUCCESS] Đã kích hoạt luồng AI chạy ngầm cho cam_002
2026-06-26 11:30:34 | INFO     | yolo_service:59 | 🤖 [CHECK GPU] YOLO của cam_004 đang chạy trên: cuda:0
2026-06-26 11:30:34 | INFO     | yolo_service:84 | 🚀 [SUCCESS] Đã kích hoạt luồng AI chạy ngầm cho cam_004
2026-06-26 11:30:34 | INFO     | yolo_service:59 | 🤖 [CHECK GPU] YOLO của cam_006 đang chạy trên: cuda:0
2026-06-26 11:30:34 | INFO     | yolo_service:84 | 🚀 [SUCCESS] Đã kích hoạt luồng AI chạy ngầm cho cam_006
2026-06-26 11:30:34 | INFO     | yolo_service:59 | 🤖 [CHECK GPU] YOLO của cam_008 đang chạy trên: cuda:0
2026-06-26 11:30:34 | INFO     | yolo_service:84 | 🚀 [SUCCESS] Đã kích hoạt luồng AI chạy ngầm cho cam_008
2026-06-26 11:30:34 | INFO     | yolo_service:59 | 🤖 [CHECK GPU] YOLO của cam_010 đang chạy trên: cuda:0
2026-06-26 11:30:34 | INFO     | yolo_service:84 | 🚀 [SUCCESS] Đã kích hoạt luồng AI chạy ngầm cho cam_010
2026-06-26 11:30:34 | DEBUG    | heartbeat_service:51 | 💓 Nhịp tim gửi Master: {'server_id': 'SV_001', 'cpu_usage': 37.3, 'has_gpu': True, 'gpu_usage': 0, 'vram_free_gb': 3.87}
2026-06-26 11:30:34 | DEBUG    | connectionpool:241 | Starting new HTTP connection (1): 10.40.91.11:5000
2026-06-26 11:30:34 | DEBUG    | connectionpool:544 | http://10.40.91.11:5000 "POST /api/heartbeat HTTP/1.1" 200 68
2026-06-26 11:30:36 | DEBUG    | __init__:350 | matplotlib data path: C:\Users\Admin\AppData\Local\Programs\Python\Python312\Lib\site-packages\matplotlib\mpl-data
2026-06-26 11:30:36 | DEBUG    | __init__:350 | CONFIGDIR=C:\Users\Admin\.matplotlib
2026-06-26 11:30:36 | DEBUG    | __init__:1511 | interactive is False
2026-06-26 11:30:36 | DEBUG    | __init__:1512 | platform is win32
2026-06-26 11:30:36 | DEBUG    | __init__:350 | CACHEDIR=C:\Users\Admin\.matplotlib
2026-06-26 11:30:36 | DEBUG    | font_manager:1574 | Using fontManager instance from C:\Users\Admin\.matplotlib\fontlist-v330.json
2026-06-26 11:30:38 | INFO     | main:3 | 🎬 [WORKER] Hệ thống Logger toàn cục theo phiên đã kích hoạt!
2026-06-26 11:30:40 | DEBUG    | heartbeat_service:51 | 💓 Nhịp tim gửi Master: {'server_id': 'SV_001', 'cpu_usage': 22.6, 'has_gpu': False, 'gpu_usage': 0, 'vram_free_gb': 0.0}
2026-06-26 11:30:40 | DEBUG    | connectionpool:241 | Starting new HTTP connection (1): 10.40.91.11:5000
2026-06-26 11:30:40 | DEBUG    | connectionpool:544 | http://10.40.91.11:5000 "POST /api/heartbeat HTTP/1.1" 200 68
2026-06-26 11:30:46 | DEBUG    | heartbeat_service:51 | 💓 Nhịp tim gửi Master: {'server_id': 'SV_001', 'cpu_usage': 46.3, 'has_gpu': False, 'gpu_usage': 0, 'vram_free_gb': 0.0}
2026-06-26 11:30:46 | DEBUG    | connectionpool:241 | Starting new HTTP connection (1): 10.40.91.11:5000
2026-06-26 11:30:46 | DEBUG    | connectionpool:544 | http://10.40.91.11:5000 "POST /api/heartbeat HTTP/1.1" 200 68
2026-06-26 11:30:53 | DEBUG    | heartbeat_service:51 | 💓 Nhịp tim gửi Master: {'server_id': 'SV_001', 'cpu_usage': 31.7, 'has_gpu': False, 'gpu_usage': 0, 'vram_free_gb': 0.0}
2026-06-26 11:30:53 | DEBUG    | connectionpool:241 | Starting new HTTP connection (1): 10.40.91.11:5000
2026-06-26 11:30:53 | DEBUG    | connectionpool:544 | http://10.40.91.11:5000 "POST /api/heartbeat HTTP/1.1" 200 68
2026-06-26 11:30:59 | DEBUG    | heartbeat_service:51 | 💓 Nhịp tim gửi Master: {'server_id': 'SV_001', 'cpu_usage': 38.9, 'has_gpu': False, 'gpu_usage': 0, 'vram_free_gb': 0.0}
2026-06-26 11:30:59 | DEBUG    | connectionpool:241 | Starting new HTTP connection (1): 10.40.91.11:5000
2026-06-26 11:30:59 | DEBUG    | connectionpool:544 | http://10.40.91.11:5000 "POST /api/heartbeat HTTP/1.1" 200 68
2026-06-26 11:31:02 | INFO     | cameras_router:33 | ✅ Đã khởi động xong toàn bộ luồng YOLO!
