2026-06-26 10:09:15 | INFO     | main:3 | 🎬 [WORKER] Hệ thống Logger toàn cục theo phiên đã kích hoạt!
2026-06-26 10:09:21 | DEBUG    | __init__:350 | matplotlib data path: C:\Users\Admin\AppData\Local\Programs\Python\Python312\Lib\site-packages\matplotlib\mpl-data
2026-06-26 10:09:21 | DEBUG    | __init__:350 | CONFIGDIR=C:\Users\Admin\.matplotlib
2026-06-26 10:09:21 | DEBUG    | __init__:1511 | interactive is False
2026-06-26 10:09:21 | DEBUG    | __init__:1512 | platform is win32
2026-06-26 10:09:21 | DEBUG    | __init__:350 | CACHEDIR=C:\Users\Admin\.matplotlib
2026-06-26 10:09:21 | DEBUG    | font_manager:1574 | Using fontManager instance from C:\Users\Admin\.matplotlib\fontlist-v330.json
2026-06-26 10:09:21 | DEBUG    | loader:96 | Environment variable FAISS_OPT_LEVEL is not set, so let's pick the instruction set according to the current CPU
2026-06-26 10:09:21 | INFO     | loader:132 | Loading faiss with AVX2 support.
2026-06-26 10:09:21 | INFO     | loader:137 | Could not load library with AVX2 support due to:
ModuleNotFoundError("No module named 'faiss.swigfaiss_avx2'")
2026-06-26 10:09:21 | INFO     | loader:156 | Loading faiss.
2026-06-26 10:09:21 | INFO     | loader:158 | Successfully loaded faiss.
2026-06-26 10:09:22 | INFO     | main:62 | 
=======================================================
2026-06-26 10:09:22 | INFO     | main:63 | 🤖 WORKER YOLO AI ĐÃ SẴN SÀNG - ĐANG CHỜ MASTER GIAO VIỆC
2026-06-26 10:09:22 | INFO     | main:64 | =======================================================

2026-06-26 10:09:22 | DEBUG    | proactor_events:634 | Using proactor: IocpProactor
2026-06-26 10:09:22 | INFO     | websocket_service:36 | 🚀 Đã khởi động trạm trung chuyển Queue -> WebSocket
2026-06-26 10:09:22 | INFO     | heartbeat_service:53 | 💓 [Heartbeat Service] Đã kích hoạt máy đo nhịp tim chạy ngầm...
2026-06-26 10:09:24 | DEBUG    | heartbeat_service:43 | 💓 Nhịp tim gửi Master: {'server_id': 'SV_001', 'cpu_usage': 9.6, 'has_gpu': True, 'gpu_usage': 0, 'vram_free_gb': 3.23}
2026-06-26 10:09:24 | DEBUG    | connectionpool:241 | Starting new HTTP connection (1): 10.40.91.11:5000
2026-06-26 10:09:24 | DEBUG    | connectionpool:544 | http://10.40.91.11:5000 "POST /api/heartbeat HTTP/1.1" 200 68
2026-06-26 10:09:30 | DEBUG    | heartbeat_service:43 | 💓 Nhịp tim gửi Master: {'server_id': 'SV_001', 'cpu_usage': 22.6, 'has_gpu': True, 'gpu_usage': 0, 'vram_free_gb': 3.23}
2026-06-26 10:09:30 | DEBUG    | connectionpool:241 | Starting new HTTP connection (1): 10.40.91.11:5000
2026-06-26 10:09:30 | DEBUG    | connectionpool:544 | http://10.40.91.11:5000 "POST /api/heartbeat HTTP/1.1" 200 68
2026-06-26 10:09:30 | DEBUG    | cameras_router:37 | 
🛑 Nhận lệnh Sync từ Master! Đang dọn dẹp 0 luồng YOLO cũ...
2026-06-26 10:09:33 | DEBUG    | cameras_router:67 | ✅ [OK] Camera cam_001 - Luồng hình ảnh ổn định.
2026-06-26 10:09:34 | DEBUG    | cameras_router:67 | ✅ [OK] Camera cam_002 - Luồng hình ảnh ổn định.
2026-06-26 10:09:35 | DEBUG    | cameras_router:67 | ✅ [OK] Camera cam_004 - Luồng hình ảnh ổn định.
2026-06-26 10:09:36 | DEBUG    | heartbeat_service:43 | 💓 Nhịp tim gửi Master: {'server_id': 'SV_001', 'cpu_usage': 15.9, 'has_gpu': True, 'gpu_usage': 0, 'vram_free_gb': 3.23}
2026-06-26 10:09:36 | DEBUG    | connectionpool:241 | Starting new HTTP connection (1): 10.40.91.11:5000
2026-06-26 10:09:36 | DEBUG    | connectionpool:544 | http://10.40.91.11:5000 "POST /api/heartbeat HTTP/1.1" 200 68
2026-06-26 10:09:37 | DEBUG    | cameras_router:67 | ✅ [OK] Camera cam_006 - Luồng hình ảnh ổn định.
2026-06-26 10:09:40 | DEBUG    | cameras_router:67 | ✅ [OK] Camera cam_008 - Luồng hình ảnh ổn định.
2026-06-26 10:09:42 | DEBUG    | heartbeat_service:43 | 💓 Nhịp tim gửi Master: {'server_id': 'SV_001', 'cpu_usage': 19.6, 'has_gpu': True, 'gpu_usage': 0, 'vram_free_gb': 3.23}
2026-06-26 10:09:42 | DEBUG    | connectionpool:241 | Starting new HTTP connection (1): 10.40.91.11:5000
2026-06-26 10:09:42 | DEBUG    | connectionpool:544 | http://10.40.91.11:5000 "POST /api/heartbeat HTTP/1.1" 200 68
2026-06-26 10:09:42 | DEBUG    | cameras_router:67 | ✅ [OK] Camera cam_010 - Luồng hình ảnh ổn định.
2026-06-26 10:09:43 | DEBUG    | cameras_router:67 | ✅ [OK] Camera cam_003 - Luồng hình ảnh ổn định.
2026-06-26 10:09:46 | DEBUG    | cameras_router:67 | ✅ [OK] Camera cam_007 - Luồng hình ảnh ổn định.
2026-06-26 10:09:48 | DEBUG    | cameras_router:67 | ✅ [OK] Camera cam_011 - Luồng hình ảnh ổn định.
2026-06-26 10:09:48 | DEBUG    | heartbeat_service:43 | 💓 Nhịp tim gửi Master: {'server_id': 'SV_001', 'cpu_usage': 13.4, 'has_gpu': True, 'gpu_usage': 0, 'vram_free_gb': 3.23}
2026-06-26 10:09:48 | DEBUG    | connectionpool:241 | Starting new HTTP connection (1): 10.40.91.11:5000
2026-06-26 10:09:48 | DEBUG    | connectionpool:544 | http://10.40.91.11:5000 "POST /api/heartbeat HTTP/1.1" 200 68
2026-06-26 10:09:51 | DEBUG    | cameras_router:67 | ✅ [OK] Camera cam_009 - Luồng hình ảnh ổn định.
2026-06-26 10:09:53 | DEBUG    | cameras_router:67 | ✅ [OK] Camera cam_005 - Luồng hình ảnh ổn định.
2026-06-26 10:09:53 | DEBUG    | yolo_service:167 | 🧠 [AUTO-SCALE] VRAM 3.2GB | Phân bổ tối ưu: 6 Cam / 1 YOLO
2026-06-26 10:09:53 | DEBUG    | cameras_router:25 | 🚀 BẮT ĐẦU CHIA LÔ CHO 11 CAMERA (Tối ưu: 6 Cam/1 YOLO) 🚀
2026-06-26 10:09:53 | INFO     | main:3 | 🎬 [WORKER] Hệ thống Logger toàn cục theo phiên đã kích hoạt!
2026-06-26 10:09:54 | DEBUG    | heartbeat_service:43 | 💓 Nhịp tim gửi Master: {'server_id': 'SV_001', 'cpu_usage': 21.1, 'has_gpu': True, 'gpu_usage': 0, 'vram_free_gb': 3.23}
2026-06-26 10:09:54 | DEBUG    | connectionpool:241 | Starting new HTTP connection (1): 10.40.91.11:5000
2026-06-26 10:09:54 | DEBUG    | connectionpool:544 | http://10.40.91.11:5000 "POST /api/heartbeat HTTP/1.1" 200 68
2026-06-26 10:09:59 | DEBUG    | __init__:350 | matplotlib data path: C:\Users\Admin\AppData\Local\Programs\Python\Python312\Lib\site-packages\matplotlib\mpl-data
2026-06-26 10:09:59 | DEBUG    | __init__:350 | CONFIGDIR=C:\Users\Admin\.matplotlib
2026-06-26 10:09:59 | DEBUG    | __init__:1511 | interactive is False
2026-06-26 10:09:59 | DEBUG    | __init__:1512 | platform is win32
2026-06-26 10:09:59 | DEBUG    | __init__:350 | CACHEDIR=C:\Users\Admin\.matplotlib
2026-06-26 10:09:59 | DEBUG    | font_manager:1574 | Using fontManager instance from C:\Users\Admin\.matplotlib\fontlist-v330.json
2026-06-26 10:09:59 | DEBUG    | loader:96 | Environment variable FAISS_OPT_LEVEL is not set, so let's pick the instruction set according to the current CPU
2026-06-26 10:09:59 | INFO     | loader:132 | Loading faiss with AVX2 support.
2026-06-26 10:09:59 | INFO     | loader:137 | Could not load library with AVX2 support due to:
ModuleNotFoundError("No module named 'faiss.swigfaiss_avx2'")
2026-06-26 10:09:59 | INFO     | loader:156 | Loading faiss.
2026-06-26 10:09:59 | INFO     | loader:158 | Successfully loaded faiss.
2026-06-26 10:09:59 | DEBUG    | yolo_service:35 | 
⚙️ [YOLO SỐ 1] TIẾP NHẬN LÔ: ['cam_001', 'cam_002', 'cam_004', 'cam_006', 'cam_008', 'cam_010'] - SỬ DỤNG GPU ĐỂ TRACKING
2026-06-26 10:09:59 | INFO     | main:3 | 🎬 [WORKER] Hệ thống Logger toàn cục theo phiên đã kích hoạt!
2026-06-26 10:10:00 | DEBUG    | heartbeat_service:43 | 💓 Nhịp tim gửi Master: {'server_id': 'SV_001', 'cpu_usage': 22.7, 'has_gpu': True, 'gpu_usage': 0, 'vram_free_gb': 3.23}
2026-06-26 10:10:00 | DEBUG    | connectionpool:241 | Starting new HTTP connection (1): 10.40.91.11:5000
2026-06-26 10:10:00 | DEBUG    | connectionpool:544 | http://10.40.91.11:5000 "POST /api/heartbeat HTTP/1.1" 200 68
2026-06-26 10:10:03 | DEBUG    | cameras_router:37 | 
🛑 Nhận lệnh Sync từ Master! Đang dọn dẹp 2 luồng YOLO cũ...
2026-06-26 10:10:05 | INFO     | cameras_router:33 | ✅ Đã khởi động xong toàn bộ luồng YOLO!
2026-06-26 10:10:06 | DEBUG    | cameras_router:67 | ✅ [OK] Camera cam_001 - Luồng hình ảnh ổn định.
2026-06-26 10:10:06 | DEBUG    | heartbeat_service:43 | 💓 Nhịp tim gửi Master: {'server_id': 'SV_001', 'cpu_usage': 8.2, 'has_gpu': True, 'gpu_usage': 0, 'vram_free_gb': 3.23}
2026-06-26 10:10:06 | DEBUG    | connectionpool:241 | Starting new HTTP connection (1): 10.40.91.11:5000
2026-06-26 10:10:06 | DEBUG    | connectionpool:544 | http://10.40.91.11:5000 "POST /api/heartbeat HTTP/1.1" 200 68
2026-06-26 10:10:07 | DEBUG    | cameras_router:67 | ✅ [OK] Camera cam_002 - Luồng hình ảnh ổn định.
2026-06-26 10:10:08 | DEBUG    | cameras_router:67 | ✅ [OK] Camera cam_004 - Luồng hình ảnh ổn định.
2026-06-26 10:10:10 | DEBUG    | cameras_router:67 | ✅ [OK] Camera cam_006 - Luồng hình ảnh ổn định.
2026-06-26 10:10:12 | DEBUG    | heartbeat_service:43 | 💓 Nhịp tim gửi Master: {'server_id': 'SV_001', 'cpu_usage': 21.4, 'has_gpu': True, 'gpu_usage': 0, 'vram_free_gb': 3.23}
2026-06-26 10:10:12 | DEBUG    | connectionpool:241 | Starting new HTTP connection (1): 10.40.91.11:5000
2026-06-26 10:10:12 | DEBUG    | connectionpool:544 | http://10.40.91.11:5000 "POST /api/heartbeat HTTP/1.1" 200 68
2026-06-26 10:10:13 | DEBUG    | cameras_router:67 | ✅ [OK] Camera cam_008 - Luồng hình ảnh ổn định.
2026-06-26 10:10:15 | DEBUG    | cameras_router:67 | ✅ [OK] Camera cam_010 - Luồng hình ảnh ổn định.
2026-06-26 10:10:18 | DEBUG    | cameras_router:67 | ✅ [OK] Camera cam_012 - Luồng hình ảnh ổn định.
2026-06-26 10:10:18 | DEBUG    | heartbeat_service:43 | 💓 Nhịp tim gửi Master: {'server_id': 'SV_001', 'cpu_usage': 17.1, 'has_gpu': True, 'gpu_usage': 0, 'vram_free_gb': 3.23}
2026-06-26 10:10:18 | DEBUG    | connectionpool:241 | Starting new HTTP connection (1): 10.40.91.11:5000
2026-06-26 10:10:18 | DEBUG    | connectionpool:544 | http://10.40.91.11:5000 "POST /api/heartbeat HTTP/1.1" 200 68
2026-06-26 10:10:20 | DEBUG    | cameras_router:67 | ✅ [OK] Camera cam_014 - Luồng hình ảnh ổn định.
2026-06-26 10:10:22 | DEBUG    | cameras_router:67 | ✅ [OK] Camera cam_016 - Luồng hình ảnh ổn định.
2026-06-26 10:10:24 | DEBUG    | cameras_router:67 | ✅ [OK] Camera cam_018 - Luồng hình ảnh ổn định.
2026-06-26 10:10:24 | DEBUG    | heartbeat_service:43 | 💓 Nhịp tim gửi Master: {'server_id': 'SV_001', 'cpu_usage': 14.7, 'has_gpu': True, 'gpu_usage': 0, 'vram_free_gb': 3.23}
2026-06-26 10:10:24 | DEBUG    | connectionpool:241 | Starting new HTTP connection (1): 10.40.91.11:5000
2026-06-26 10:10:24 | DEBUG    | connectionpool:544 | http://10.40.91.11:5000 "POST /api/heartbeat HTTP/1.1" 200 68
2026-06-26 10:10:25 | DEBUG    | cameras_router:67 | ✅ [OK] Camera cam_020 - Luồng hình ảnh ổn định.
2026-06-26 10:10:27 | DEBUG    | cameras_router:67 | ✅ [OK] Camera cam_022 - Luồng hình ảnh ổn định.
2026-06-26 10:10:29 | DEBUG    | cameras_router:67 | ✅ [OK] Camera cam_005 - Luồng hình ảnh ổn định.
2026-06-26 10:10:30 | DEBUG    | heartbeat_service:43 | 💓 Nhịp tim gửi Master: {'server_id': 'SV_001', 'cpu_usage': 15.1, 'has_gpu': True, 'gpu_usage': 0, 'vram_free_gb': 3.23}
2026-06-26 10:10:30 | DEBUG    | connectionpool:241 | Starting new HTTP connection (1): 10.40.91.11:5000
2026-06-26 10:10:30 | DEBUG    | connectionpool:544 | http://10.40.91.11:5000 "POST /api/heartbeat HTTP/1.1" 200 68
2026-06-26 10:10:32 | DEBUG    | cameras_router:67 | ✅ [OK] Camera cam_009 - Luồng hình ảnh ổn định.
2026-06-26 10:10:34 | DEBUG    | cameras_router:67 | ✅ [OK] Camera cam_013 - Luồng hình ảnh ổn định.
2026-06-26 10:10:35 | DEBUG    | cameras_router:67 | ✅ [OK] Camera cam_017 - Luồng hình ảnh ổn định.
2026-06-26 10:10:36 | DEBUG    | heartbeat_service:43 | 💓 Nhịp tim gửi Master: {'server_id': 'SV_001', 'cpu_usage': 13.3, 'has_gpu': True, 'gpu_usage': 0, 'vram_free_gb': 3.23}
2026-06-26 10:10:36 | DEBUG    | connectionpool:241 | Starting new HTTP connection (1): 10.40.91.11:5000
2026-06-26 10:10:36 | DEBUG    | connectionpool:544 | http://10.40.91.11:5000 "POST /api/heartbeat HTTP/1.1" 200 68
2026-06-26 10:10:37 | DEBUG    | cameras_router:67 | ✅ [OK] Camera cam_021 - Luồng hình ảnh ổn định.
2026-06-26 10:10:39 | DEBUG    | cameras_router:67 | ✅ [OK] Camera cam_007 - Luồng hình ảnh ổn định.
2026-06-26 10:10:42 | DEBUG    | cameras_router:67 | ✅ [OK] Camera cam_015 - Luồng hình ảnh ổn định.
2026-06-26 10:10:42 | DEBUG    | heartbeat_service:43 | 💓 Nhịp tim gửi Master: {'server_id': 'SV_001', 'cpu_usage': 13.0, 'has_gpu': True, 'gpu_usage': 0, 'vram_free_gb': 3.23}
2026-06-26 10:10:42 | DEBUG    | connectionpool:241 | Starting new HTTP connection (1): 10.40.91.11:5000
2026-06-26 10:10:42 | DEBUG    | connectionpool:544 | http://10.40.91.11:5000 "POST /api/heartbeat HTTP/1.1" 200 68
2026-06-26 10:10:43 | DEBUG    | cameras_router:67 | ✅ [OK] Camera cam_003 - Luồng hình ảnh ổn định.
2026-06-26 10:10:45 | DEBUG    | cameras_router:67 | ✅ [OK] Camera cam_019 - Luồng hình ảnh ổn định.
2026-06-26 10:10:48 | DEBUG    | cameras_router:67 | ✅ [OK] Camera cam_011 - Luồng hình ảnh ổn định.
2026-06-26 10:10:48 | DEBUG    | yolo_service:167 | 🧠 [AUTO-SCALE] VRAM 3.2GB | Phân bổ tối ưu: 6 Cam / 1 YOLO
2026-06-26 10:10:48 | DEBUG    | cameras_router:25 | 🚀 BẮT ĐẦU CHIA LÔ CHO 22 CAMERA (Tối ưu: 6 Cam/1 YOLO) 🚀
2026-06-26 10:10:48 | INFO     | main:3 | 🎬 [WORKER] Hệ thống Logger toàn cục theo phiên đã kích hoạt!
2026-06-26 10:10:48 | DEBUG    | heartbeat_service:43 | 💓 Nhịp tim gửi Master: {'server_id': 'SV_001', 'cpu_usage': 16.7, 'has_gpu': True, 'gpu_usage': 0, 'vram_free_gb': 3.23}
2026-06-26 10:10:48 | DEBUG    | connectionpool:241 | Starting new HTTP connection (1): 10.40.91.11:5000
2026-06-26 10:10:48 | DEBUG    | connectionpool:544 | http://10.40.91.11:5000 "POST /api/heartbeat HTTP/1.1" 200 68
2026-06-26 10:10:54 | DEBUG    | __init__:350 | matplotlib data path: C:\Users\Admin\AppData\Local\Programs\Python\Python312\Lib\site-packages\matplotlib\mpl-data
2026-06-26 10:10:54 | DEBUG    | __init__:350 | CONFIGDIR=C:\Users\Admin\.matplotlib
2026-06-26 10:10:54 | DEBUG    | __init__:1511 | interactive is False
2026-06-26 10:10:54 | DEBUG    | __init__:1512 | platform is win32
2026-06-26 10:10:54 | INFO     | main:3 | 🎬 [WORKER] Hệ thống Logger toàn cục theo phiên đã kích hoạt!
2026-06-26 10:10:54 | DEBUG    | __init__:350 | CACHEDIR=C:\Users\Admin\.matplotlib
2026-06-26 10:10:54 | DEBUG    | font_manager:1574 | Using fontManager instance from C:\Users\Admin\.matplotlib\fontlist-v330.json
2026-06-26 10:10:54 | DEBUG    | loader:96 | Environment variable FAISS_OPT_LEVEL is not set, so let's pick the instruction set according to the current CPU
2026-06-26 10:10:54 | INFO     | loader:132 | Loading faiss with AVX2 support.
2026-06-26 10:10:54 | INFO     | loader:137 | Could not load library with AVX2 support due to:
ModuleNotFoundError("No module named 'faiss.swigfaiss_avx2'")
2026-06-26 10:10:54 | INFO     | loader:156 | Loading faiss.
2026-06-26 10:10:54 | INFO     | loader:158 | Successfully loaded faiss.
2026-06-26 10:10:54 | DEBUG    | heartbeat_service:43 | 💓 Nhịp tim gửi Master: {'server_id': 'SV_001', 'cpu_usage': 27.4, 'has_gpu': True, 'gpu_usage': 0, 'vram_free_gb': 3.23}
2026-06-26 10:10:54 | DEBUG    | connectionpool:241 | Starting new HTTP connection (1): 10.40.91.11:5000
2026-06-26 10:10:54 | DEBUG    | connectionpool:544 | http://10.40.91.11:5000 "POST /api/heartbeat HTTP/1.1" 200 68
2026-06-26 10:10:54 | DEBUG    | yolo_service:35 | 
⚙️ [YOLO SỐ 1] TIẾP NHẬN LÔ: ['cam_001', 'cam_002', 'cam_004', 'cam_006', 'cam_008', 'cam_010'] - SỬ DỤNG GPU ĐỂ TRACKING
2026-06-26 10:10:58 | DEBUG    | cameras_router:37 | 
🛑 Nhận lệnh Sync từ Master! Đang dọn dẹp 2 luồng YOLO cũ...
2026-06-26 10:11:00 | INFO     | main:3 | 🎬 [WORKER] Hệ thống Logger toàn cục theo phiên đã kích hoạt!
2026-06-26 10:11:00 | DEBUG    | cameras_router:67 | ✅ [OK] Camera cam_001 - Luồng hình ảnh ổn định.
2026-06-26 10:11:00 | DEBUG    | heartbeat_service:43 | 💓 Nhịp tim gửi Master: {'server_id': 'SV_001', 'cpu_usage': 17.1, 'has_gpu': True, 'gpu_usage': 0, 'vram_free_gb': 3.23}
2026-06-26 10:11:00 | DEBUG    | connectionpool:241 | Starting new HTTP connection (1): 10.40.91.11:5000
2026-06-26 10:11:00 | DEBUG    | connectionpool:544 | http://10.40.91.11:5000 "POST /api/heartbeat HTTP/1.1" 200 68
2026-06-26 10:11:01 | DEBUG    | cameras_router:67 | ✅ [OK] Camera cam_002 - Luồng hình ảnh ổn định.
2026-06-26 10:11:02 | DEBUG    | cameras_router:67 | ✅ [OK] Camera cam_004 - Luồng hình ảnh ổn định.
2026-06-26 10:11:05 | DEBUG    | cameras_router:67 | ✅ [OK] Camera cam_006 - Luồng hình ảnh ổn định.
2026-06-26 10:11:05 | DEBUG    | __init__:350 | matplotlib data path: C:\Users\Admin\AppData\Local\Programs\Python\Python312\Lib\site-packages\matplotlib\mpl-data
2026-06-26 10:11:05 | DEBUG    | __init__:350 | CONFIGDIR=C:\Users\Admin\.matplotlib
2026-06-26 10:11:05 | DEBUG    | __init__:1511 | interactive is False
2026-06-26 10:11:05 | DEBUG    | __init__:1512 | platform is win32
2026-06-26 10:11:05 | DEBUG    | __init__:350 | CACHEDIR=C:\Users\Admin\.matplotlib
2026-06-26 10:11:05 | DEBUG    | font_manager:1574 | Using fontManager instance from C:\Users\Admin\.matplotlib\fontlist-v330.json
2026-06-26 10:11:06 | DEBUG    | loader:96 | Environment variable FAISS_OPT_LEVEL is not set, so let's pick the instruction set according to the current CPU
2026-06-26 10:11:06 | INFO     | loader:132 | Loading faiss with AVX2 support.
2026-06-26 10:11:06 | INFO     | loader:137 | Could not load library with AVX2 support due to:
ModuleNotFoundError("No module named 'faiss.swigfaiss_avx2'")
2026-06-26 10:11:06 | INFO     | loader:156 | Loading faiss.
2026-06-26 10:11:06 | INFO     | loader:158 | Successfully loaded faiss.
2026-06-26 10:11:06 | DEBUG    | yolo_service:35 | 
⚙️ [YOLO SỐ 3] TIẾP NHẬN LÔ: ['cam_005', 'cam_009', 'cam_013', 'cam_017', 'cam_021', 'cam_007'] - SỬ DỤNG GPU ĐỂ TRACKING
2026-06-26 10:11:06 | INFO     | main:3 | 🎬 [WORKER] Hệ thống Logger toàn cục theo phiên đã kích hoạt!
2026-06-26 10:11:06 | DEBUG    | heartbeat_service:43 | 💓 Nhịp tim gửi Master: {'server_id': 'SV_001', 'cpu_usage': 17.2, 'has_gpu': True, 'gpu_usage': 0, 'vram_free_gb': 3.23}
2026-06-26 10:11:06 | DEBUG    | connectionpool:241 | Starting new HTTP connection (1): 10.40.91.11:5000
2026-06-26 10:11:06 | DEBUG    | connectionpool:544 | http://10.40.91.11:5000 "POST /api/heartbeat HTTP/1.1" 200 68
2026-06-26 10:11:08 | DEBUG    | cameras_router:67 | ✅ [OK] Camera cam_008 - Luồng hình ảnh ổn định.
2026-06-26 10:11:10 | DEBUG    | cameras_router:67 | ✅ [OK] Camera cam_010 - Luồng hình ảnh ổn định.
2026-06-26 10:11:12 | DEBUG    | __init__:350 | matplotlib data path: C:\Users\Admin\AppData\Local\Programs\Python\Python312\Lib\site-packages\matplotlib\mpl-data
2026-06-26 10:11:12 | DEBUG    | __init__:350 | CONFIGDIR=C:\Users\Admin\.matplotlib
2026-06-26 10:11:12 | DEBUG    | __init__:1511 | interactive is False
2026-06-26 10:11:12 | DEBUG    | __init__:1512 | platform is win32
2026-06-26 10:11:12 | DEBUG    | __init__:350 | CACHEDIR=C:\Users\Admin\.matplotlib
2026-06-26 10:11:12 | DEBUG    | font_manager:1574 | Using fontManager instance from C:\Users\Admin\.matplotlib\fontlist-v330.json
2026-06-26 10:11:12 | INFO     | cameras_router:33 | ✅ Đã khởi động xong toàn bộ luồng YOLO!
2026-06-26 10:11:12 | DEBUG    | loader:96 | Environment variable FAISS_OPT_LEVEL is not set, so let's pick the instruction set according to the current CPU
2026-06-26 10:11:12 | INFO     | loader:132 | Loading faiss with AVX2 support.
2026-06-26 10:11:12 | INFO     | loader:137 | Could not load library with AVX2 support due to:
ModuleNotFoundError("No module named 'faiss.swigfaiss_avx2'")
2026-06-26 10:11:12 | INFO     | loader:156 | Loading faiss.
2026-06-26 10:11:12 | INFO     | loader:158 | Successfully loaded faiss.
2026-06-26 10:11:12 | DEBUG    | yolo_service:35 | 
⚙️ [YOLO SỐ 4] TIẾP NHẬN LÔ: ['cam_015', 'cam_003', 'cam_019', 'cam_011'] - SỬ DỤNG GPU ĐỂ TRACKING
2026-06-26 10:11:12 | DEBUG    | heartbeat_service:43 | 💓 Nhịp tim gửi Master: {'server_id': 'SV_001', 'cpu_usage': 31.1, 'has_gpu': True, 'gpu_usage': 0, 'vram_free_gb': 3.23}
2026-06-26 10:11:12 | DEBUG    | connectionpool:241 | Starting new HTTP connection (1): 10.40.91.11:5000
2026-06-26 10:11:12 | DEBUG    | connectionpool:544 | http://10.40.91.11:5000 "POST /api/heartbeat HTTP/1.1" 200 68
2026-06-26 10:11:13 | DEBUG    | cameras_router:67 | ✅ [OK] Camera cam_012 - Luồng hình ảnh ổn định.
2026-06-26 10:11:15 | DEBUG    | cameras_router:67 | ✅ [OK] Camera cam_014 - Luồng hình ảnh ổn định.
2026-06-26 10:11:16 | DEBUG    | cameras_router:67 | ✅ [OK] Camera cam_016 - Luồng hình ảnh ổn định.
2026-06-26 10:11:18 | DEBUG    | heartbeat_service:43 | 💓 Nhịp tim gửi Master: {'server_id': 'SV_001', 'cpu_usage': 12.7, 'has_gpu': True, 'gpu_usage': 0, 'vram_free_gb': 3.23}
2026-06-26 10:11:18 | DEBUG    | connectionpool:241 | Starting new HTTP connection (1): 10.40.91.11:5000
2026-06-26 10:11:19 | DEBUG    | connectionpool:544 | http://10.40.91.11:5000 "POST /api/heartbeat HTTP/1.1" 200 68
2026-06-26 10:11:19 | DEBUG    | cameras_router:67 | ✅ [OK] Camera cam_018 - Luồng hình ảnh ổn định.
2026-06-26 10:11:19 | DEBUG    | yolo_service:67 | 🚀 [YOLO SỐ 3] Đang quét tọa độ cho: ['cam_005', 'cam_009', 'cam_013', 'cam_017', 'cam_021', 'cam_007']
2026-06-26 10:11:20 | DEBUG    | cameras_router:67 | ✅ [OK] Camera cam_020 - Luồng hình ảnh ổn định.
2026-06-26 10:11:21 | DEBUG    | yolo_service:67 | 🚀 [YOLO SỐ 4] Đang quét tọa độ cho: ['cam_015', 'cam_003', 'cam_019', 'cam_011']
2026-06-26 10:11:21 | DEBUG    | cameras_router:67 | ✅ [OK] Camera cam_022 - Luồng hình ảnh ổn định.
2026-06-26 10:11:23 | DEBUG    | cameras_router:67 | ✅ [OK] Camera cam_024 - Luồng hình ảnh ổn định.
2026-06-26 10:11:24 | DEBUG    | cameras_router:67 | ✅ [OK] Camera cam_026 - Luồng hình ảnh ổn định.
2026-06-26 10:11:25 | DEBUG    | heartbeat_service:43 | 💓 Nhịp tim gửi Master: {'server_id': 'SV_001', 'cpu_usage': 28.7, 'has_gpu': True, 'gpu_usage': 0, 'vram_free_gb': 3.23}
2026-06-26 10:11:25 | DEBUG    | connectionpool:241 | Starting new HTTP connection (1): 10.40.91.11:5000
2026-06-26 10:11:25 | DEBUG    | connectionpool:544 | http://10.40.91.11:5000 "POST /api/heartbeat HTTP/1.1" 200 68
2026-06-26 10:11:26 | DEBUG    | cameras_router:67 | ✅ [OK] Camera cam_028 - Luồng hình ảnh ổn định.
2026-06-26 10:11:27 | DEBUG    | cameras_router:67 | ✅ [OK] Camera cam_030 - Luồng hình ảnh ổn định.
2026-06-26 10:11:28 | DEBUG    | cameras_router:67 | ✅ [OK] Camera cam_032 - Luồng hình ảnh ổn định.
2026-06-26 10:11:29 | DEBUG    | cameras_router:67 | ✅ [OK] Camera cam_003 - Luồng hình ảnh ổn định.
2026-06-26 10:11:31 | DEBUG    | heartbeat_service:43 | 💓 Nhịp tim gửi Master: {'server_id': 'SV_001', 'cpu_usage': 48.1, 'has_gpu': True, 'gpu_usage': 0, 'vram_free_gb': 3.23}
2026-06-26 10:11:31 | DEBUG    | connectionpool:241 | Starting new HTTP connection (1): 10.40.91.11:5000
2026-06-26 10:11:31 | DEBUG    | connectionpool:544 | http://10.40.91.11:5000 "POST /api/heartbeat HTTP/1.1" 200 68
2026-06-26 10:11:32 | DEBUG    | cameras_router:67 | ✅ [OK] Camera cam_007 - Luồng hình ảnh ổn định.
2026-06-26 10:11:35 | DEBUG    | cameras_router:67 | ✅ [OK] Camera cam_011 - Luồng hình ảnh ổn định.
2026-06-26 10:11:37 | DEBUG    | heartbeat_service:43 | 💓 Nhịp tim gửi Master: {'server_id': 'SV_001', 'cpu_usage': 88.0, 'has_gpu': True, 'gpu_usage': 0, 'vram_free_gb': 3.23}
2026-06-26 10:11:37 | DEBUG    | connectionpool:241 | Starting new HTTP connection (1): 10.40.91.11:5000
2026-06-26 10:11:37 | DEBUG    | connectionpool:544 | http://10.40.91.11:5000 "POST /api/heartbeat HTTP/1.1" 200 68
2026-06-26 10:11:37 | DEBUG    | cameras_router:67 | ✅ [OK] Camera cam_015 - Luồng hình ảnh ổn định.
2026-06-26 10:11:39 | DEBUG    | cameras_router:67 | ✅ [OK] Camera cam_019 - Luồng hình ảnh ổn định.
2026-06-26 10:11:41 | DEBUG    | cameras_router:67 | ✅ [OK] Camera cam_023 - Luồng hình ảnh ổn định.
2026-06-26 10:11:42 | DEBUG    | cameras_router:67 | ✅ [OK] Camera cam_027 - Luồng hình ảnh ổn định.
2026-06-26 10:11:43 | DEBUG    | heartbeat_service:43 | 💓 Nhịp tim gửi Master: {'server_id': 'SV_001', 'cpu_usage': 88.0, 'has_gpu': True, 'gpu_usage': 0, 'vram_free_gb': 3.23}
2026-06-26 10:11:43 | DEBUG    | connectionpool:241 | Starting new HTTP connection (1): 10.40.91.11:5000
2026-06-26 10:11:43 | DEBUG    | connectionpool:544 | http://10.40.91.11:5000 "POST /api/heartbeat HTTP/1.1" 200 68
2026-06-26 10:11:43 | DEBUG    | cameras_router:67 | ✅ [OK] Camera cam_031 - Luồng hình ảnh ổn định.
2026-06-26 10:11:46 | DEBUG    | cameras_router:67 | ✅ [OK] Camera cam_005 - Luồng hình ảnh ổn định.
2026-06-26 10:11:48 | DEBUG    | cameras_router:67 | ✅ [OK] Camera cam_013 - Luồng hình ảnh ổn định.
2026-06-26 10:11:49 | DEBUG    | heartbeat_service:43 | 💓 Nhịp tim gửi Master: {'server_id': 'SV_001', 'cpu_usage': 64.0, 'has_gpu': True, 'gpu_usage': 0, 'vram_free_gb': 3.23}
2026-06-26 10:11:49 | DEBUG    | connectionpool:241 | Starting new HTTP connection (1): 10.40.91.11:5000
2026-06-26 10:11:49 | DEBUG    | connectionpool:544 | http://10.40.91.11:5000 "POST /api/heartbeat HTTP/1.1" 200 68
2026-06-26 10:11:50 | DEBUG    | cameras_router:67 | ✅ [OK] Camera cam_021 - Luồng hình ảnh ổn định.
2026-06-26 10:11:51 | DEBUG    | cameras_router:67 | ✅ [OK] Camera cam_029 - Luồng hình ảnh ổn định.
2026-06-26 10:11:54 | DEBUG    | cameras_router:67 | ✅ [OK] Camera cam_009 - Luồng hình ảnh ổn định.
2026-06-26 10:11:55 | DEBUG    | heartbeat_service:43 | 💓 Nhịp tim gửi Master: {'server_id': 'SV_001', 'cpu_usage': 68.5, 'has_gpu': True, 'gpu_usage': 0, 'vram_free_gb': 3.23}
2026-06-26 10:11:55 | DEBUG    | connectionpool:241 | Starting new HTTP connection (1): 10.40.91.11:5000
2026-06-26 10:11:55 | DEBUG    | connectionpool:544 | http://10.40.91.11:5000 "POST /api/heartbeat HTTP/1.1" 200 68
2026-06-26 10:11:56 | DEBUG    | cameras_router:67 | ✅ [OK] Camera cam_025 - Luồng hình ảnh ổn định.
2026-06-26 10:11:57 | DEBUG    | cameras_router:67 | ✅ [OK] Camera cam_017 - Luồng hình ảnh ổn định.
2026-06-26 10:11:58 | DEBUG    | cameras_router:67 | ✅ [OK] Camera cam_033 - Luồng hình ảnh ổn định.
2026-06-26 10:11:58 | DEBUG    | yolo_service:167 | 🧠 [AUTO-SCALE] VRAM 3.2GB | Phân bổ tối ưu: 6 Cam / 1 YOLO
2026-06-26 10:11:58 | DEBUG    | cameras_router:25 | 🚀 BẮT ĐẦU CHIA LÔ CHO 33 CAMERA (Tối ưu: 6 Cam/1 YOLO) 🚀
2026-06-26 10:11:59 | INFO     | main:3 | 🎬 [WORKER] Hệ thống Logger toàn cục theo phiên đã kích hoạt!
2026-06-26 10:12:01 | DEBUG    | heartbeat_service:43 | 💓 Nhịp tim gửi Master: {'server_id': 'SV_001', 'cpu_usage': 74.7, 'has_gpu': True, 'gpu_usage': 0, 'vram_free_gb': 3.23}
2026-06-26 10:12:01 | DEBUG    | connectionpool:241 | Starting new HTTP connection (1): 10.40.91.11:5000
2026-06-26 10:12:01 | DEBUG    | connectionpool:544 | http://10.40.91.11:5000 "POST /api/heartbeat HTTP/1.1" 200 68
2026-06-26 10:12:07 | INFO     | main:3 | 🎬 [WORKER] Hệ thống Logger toàn cục theo phiên đã kích hoạt!
2026-06-26 10:12:07 | DEBUG    | heartbeat_service:43 | 💓 Nhịp tim gửi Master: {'server_id': 'SV_001', 'cpu_usage': 99.8, 'has_gpu': True, 'gpu_usage': 0, 'vram_free_gb': 3.23}
2026-06-26 10:12:07 | DEBUG    | connectionpool:241 | Starting new HTTP connection (1): 10.40.91.11:5000
2026-06-26 10:12:07 | DEBUG    | connectionpool:544 | http://10.40.91.11:5000 "POST /api/heartbeat HTTP/1.1" 200 68
2026-06-26 10:12:08 | DEBUG    | cameras_router:37 | 
🛑 Nhận lệnh Sync từ Master! Đang dọn dẹp 4 luồng YOLO cũ...
2026-06-26 10:12:10 | DEBUG    | cameras_router:67 | ✅ [OK] Camera cam_001 - Luồng hình ảnh ổn định.
2026-06-26 10:12:11 | INFO     | main:3 | 🎬 [WORKER] Hệ thống Logger toàn cục theo phiên đã kích hoạt!
2026-06-26 10:12:11 | DEBUG    | cameras_router:67 | ✅ [OK] Camera cam_002 - Luồng hình ảnh ổn định.
2026-06-26 10:12:12 | DEBUG    | cameras_router:67 | ✅ [OK] Camera cam_004 - Luồng hình ảnh ổn định.
2026-06-26 10:12:13 | DEBUG    | heartbeat_service:43 | 💓 Nhịp tim gửi Master: {'server_id': 'SV_001', 'cpu_usage': 36.7, 'has_gpu': True, 'gpu_usage': 0, 'vram_free_gb': 3.23}
2026-06-26 10:12:13 | DEBUG    | connectionpool:241 | Starting new HTTP connection (1): 10.40.91.11:5000
2026-06-26 10:12:13 | DEBUG    | connectionpool:544 | http://10.40.91.11:5000 "POST /api/heartbeat HTTP/1.1" 200 68
2026-06-26 10:12:15 | DEBUG    | cameras_router:67 | ✅ [OK] Camera cam_006 - Luồng hình ảnh ổn định.
2026-06-26 10:12:17 | INFO     | main:3 | 🎬 [WORKER] Hệ thống Logger toàn cục theo phiên đã kích hoạt!
2026-06-26 10:12:18 | DEBUG    | cameras_router:67 | ✅ [OK] Camera cam_008 - Luồng hình ảnh ổn định.
2026-06-26 10:12:19 | DEBUG    | heartbeat_service:43 | 💓 Nhịp tim gửi Master: {'server_id': 'SV_001', 'cpu_usage': 30.0, 'has_gpu': True, 'gpu_usage': 0, 'vram_free_gb': 3.23}
2026-06-26 10:12:19 | DEBUG    | connectionpool:241 | Starting new HTTP connection (1): 10.40.91.11:5000
2026-06-26 10:12:19 | DEBUG    | connectionpool:544 | http://10.40.91.11:5000 "POST /api/heartbeat HTTP/1.1" 200 68
2026-06-26 10:12:20 | DEBUG    | __init__:350 | matplotlib data path: C:\Users\Admin\AppData\Local\Programs\Python\Python312\Lib\site-packages\matplotlib\mpl-data
2026-06-26 10:12:20 | DEBUG    | __init__:350 | CONFIGDIR=C:\Users\Admin\.matplotlib
2026-06-26 10:12:20 | DEBUG    | __init__:1511 | interactive is False
2026-06-26 10:12:20 | DEBUG    | __init__:1512 | platform is win32
2026-06-26 10:12:20 | DEBUG    | __init__:350 | CACHEDIR=C:\Users\Admin\.matplotlib
2026-06-26 10:12:20 | DEBUG    | font_manager:1574 | Using fontManager instance from C:\Users\Admin\.matplotlib\fontlist-v330.json
2026-06-26 10:12:20 | DEBUG    | cameras_router:67 | ✅ [OK] Camera cam_005 - Luồng hình ảnh ổn định.
2026-06-26 10:12:21 | DEBUG    | loader:96 | Environment variable FAISS_OPT_LEVEL is not set, so let's pick the instruction set according to the current CPU
2026-06-26 10:12:21 | INFO     | loader:132 | Loading faiss with AVX2 support.
2026-06-26 10:12:21 | INFO     | loader:137 | Could not load library with AVX2 support due to:
ModuleNotFoundError("No module named 'faiss.swigfaiss_avx2'")
2026-06-26 10:12:21 | INFO     | loader:156 | Loading faiss.
2026-06-26 10:12:21 | INFO     | loader:158 | Successfully loaded faiss.
2026-06-26 10:12:21 | DEBUG    | yolo_service:35 | 
⚙️ [YOLO SỐ 3] TIẾP NHẬN LÔ: ['cam_024', 'cam_026', 'cam_028', 'cam_030', 'cam_032', 'cam_003'] - SỬ DỤNG GPU ĐỂ TRACKING
2026-06-26 10:12:21 | DEBUG    | cameras_router:67 | ✅ [OK] Camera cam_003 - Luồng hình ảnh ổn định.
2026-06-26 10:12:23 | INFO     | main:3 | 🎬 [WORKER] Hệ thống Logger toàn cục theo phiên đã kích hoạt!
2026-06-26 10:12:24 | DEBUG    | cameras_router:67 | ✅ [OK] Camera cam_007 - Luồng hình ảnh ổn định.
2026-06-26 10:12:24 | DEBUG    | yolo_service:167 | 🧠 [AUTO-SCALE] VRAM 3.2GB | Phân bổ tối ưu: 4 Cam / 1 YOLO
2026-06-26 10:12:24 | DEBUG    | cameras_router:25 | 🚀 BẮT ĐẦU CHIA LÔ CHO 8 CAMERA (Tối ưu: 4 Cam/1 YOLO) 🚀
2026-06-26 10:12:24 | INFO     | main:3 | 🎬 [WORKER] Hệ thống Logger toàn cục theo phiên đã kích hoạt!
2026-06-26 10:12:25 | DEBUG    | heartbeat_service:43 | 💓 Nhịp tim gửi Master: {'server_id': 'SV_001', 'cpu_usage': 42.3, 'has_gpu': True, 'gpu_usage': 0, 'vram_free_gb': 3.23}
2026-06-26 10:12:25 | DEBUG    | connectionpool:241 | Starting new HTTP connection (1): 10.40.91.11:5000
2026-06-26 10:12:25 | DEBUG    | connectionpool:544 | http://10.40.91.11:5000 "POST /api/heartbeat HTTP/1.1" 200 68
2026-06-26 10:12:26 | DEBUG    | __init__:350 | matplotlib data path: C:\Users\Admin\AppData\Local\Programs\Python\Python312\Lib\site-packages\matplotlib\mpl-data
2026-06-26 10:12:26 | DEBUG    | __init__:350 | CONFIGDIR=C:\Users\Admin\.matplotlib
2026-06-26 10:12:26 | DEBUG    | __init__:1511 | interactive is False
2026-06-26 10:12:26 | DEBUG    | __init__:1512 | platform is win32
2026-06-26 10:12:26 | DEBUG    | __init__:350 | CACHEDIR=C:\Users\Admin\.matplotlib
2026-06-26 10:12:26 | DEBUG    | font_manager:1574 | Using fontManager instance from C:\Users\Admin\.matplotlib\fontlist-v330.json
2026-06-26 10:12:26 | DEBUG    | loader:96 | Environment variable FAISS_OPT_LEVEL is not set, so let's pick the instruction set according to the current CPU
2026-06-26 10:12:26 | INFO     | loader:132 | Loading faiss with AVX2 support.
2026-06-26 10:12:26 | INFO     | loader:137 | Could not load library with AVX2 support due to:
ModuleNotFoundError("No module named 'faiss.swigfaiss_avx2'")
2026-06-26 10:12:26 | INFO     | loader:156 | Loading faiss.
2026-06-26 10:12:26 | INFO     | loader:158 | Successfully loaded faiss.
2026-06-26 10:12:27 | DEBUG    | yolo_service:35 | 
⚙️ [YOLO SỐ 4] TIẾP NHẬN LÔ: ['cam_007', 'cam_011', 'cam_015', 'cam_019', 'cam_023', 'cam_027'] - SỬ DỤNG GPU ĐỂ TRACKING
2026-06-26 10:12:29 | INFO     | main:3 | 🎬 [WORKER] Hệ thống Logger toàn cục theo phiên đã kích hoạt!
2026-06-26 10:12:30 | DEBUG    | yolo_service:67 | 🚀 [YOLO SỐ 3] Đang quét tọa độ cho: ['cam_024', 'cam_026', 'cam_028', 'cam_030', 'cam_032', 'cam_003']
2026-06-26 10:12:30 | INFO     | main:3 | 🎬 [WORKER] Hệ thống Logger toàn cục theo phiên đã kích hoạt!
2026-06-26 10:12:31 | DEBUG    | heartbeat_service:43 | 💓 Nhịp tim gửi Master: {'server_id': 'SV_001', 'cpu_usage': 47.7, 'has_gpu': True, 'gpu_usage': 0, 'vram_free_gb': 3.23}
2026-06-26 10:12:31 | DEBUG    | connectionpool:241 | Starting new HTTP connection (1): 10.40.91.11:5000
2026-06-26 10:12:31 | DEBUG    | connectionpool:544 | http://10.40.91.11:5000 "POST /api/heartbeat HTTP/1.1" 200 68
2026-06-26 10:12:31 | DEBUG    | __init__:350 | matplotlib data path: C:\Users\Admin\AppData\Local\Programs\Python\Python312\Lib\site-packages\matplotlib\mpl-data
2026-06-26 10:12:31 | DEBUG    | __init__:350 | CONFIGDIR=C:\Users\Admin\.matplotlib
2026-06-26 10:12:31 | DEBUG    | __init__:1511 | interactive is False
2026-06-26 10:12:31 | DEBUG    | __init__:1512 | platform is win32
2026-06-26 10:12:31 | DEBUG    | __init__:350 | CACHEDIR=C:\Users\Admin\.matplotlib
2026-06-26 10:12:31 | DEBUG    | font_manager:1574 | Using fontManager instance from C:\Users\Admin\.matplotlib\fontlist-v330.json
2026-06-26 10:12:32 | DEBUG    | loader:96 | Environment variable FAISS_OPT_LEVEL is not set, so let's pick the instruction set according to the current CPU
2026-06-26 10:12:32 | INFO     | loader:132 | Loading faiss with AVX2 support.
2026-06-26 10:12:32 | INFO     | loader:137 | Could not load library with AVX2 support due to:
ModuleNotFoundError("No module named 'faiss.swigfaiss_avx2'")
2026-06-26 10:12:32 | INFO     | loader:156 | Loading faiss.
2026-06-26 10:12:32 | INFO     | loader:158 | Successfully loaded faiss.
2026-06-26 10:12:32 | DEBUG    | yolo_service:35 | 
⚙️ [YOLO SỐ 5] TIẾP NHẬN LÔ: ['cam_031', 'cam_005', 'cam_013', 'cam_021', 'cam_029', 'cam_009'] - SỬ DỤNG GPU ĐỂ TRACKING
2026-06-26 10:12:32 | DEBUG    | __init__:350 | matplotlib data path: C:\Users\Admin\AppData\Local\Programs\Python\Python312\Lib\site-packages\matplotlib\mpl-data
2026-06-26 10:12:33 | DEBUG    | __init__:350 | CONFIGDIR=C:\Users\Admin\.matplotlib
2026-06-26 10:12:33 | DEBUG    | __init__:1511 | interactive is False
2026-06-26 10:12:33 | DEBUG    | __init__:1512 | platform is win32
2026-06-26 10:12:33 | DEBUG    | __init__:350 | CACHEDIR=C:\Users\Admin\.matplotlib
2026-06-26 10:12:33 | DEBUG    | font_manager:1574 | Using fontManager instance from C:\Users\Admin\.matplotlib\fontlist-v330.json
2026-06-26 10:12:33 | DEBUG    | loader:96 | Environment variable FAISS_OPT_LEVEL is not set, so let's pick the instruction set according to the current CPU
2026-06-26 10:12:33 | INFO     | loader:132 | Loading faiss with AVX2 support.
2026-06-26 10:12:33 | INFO     | loader:137 | Could not load library with AVX2 support due to:
ModuleNotFoundError("No module named 'faiss.swigfaiss_avx2'")
2026-06-26 10:12:33 | INFO     | loader:156 | Loading faiss.
2026-06-26 10:12:33 | INFO     | loader:158 | Successfully loaded faiss.
2026-06-26 10:12:34 | DEBUG    | yolo_service:35 | 
⚙️ [YOLO SỐ 1] TIẾP NHẬN LÔ: ['cam_001', 'cam_002', 'cam_004', 'cam_006'] - SỬ DỤNG GPU ĐỂ TRACKING
2026-06-26 10:12:34 | DEBUG    | cameras_router:37 | 
🛑 Nhận lệnh Sync từ Master! Đang dọn dẹp 6 luồng YOLO cũ...
2026-06-26 10:12:35 | INFO     | cameras_router:33 | ✅ Đã khởi động xong toàn bộ luồng YOLO!
2026-06-26 10:12:36 | INFO     | cameras_router:33 | ✅ Đã khởi động xong toàn bộ luồng YOLO!
2026-06-26 10:12:36 | DEBUG    | cameras_router:67 | ✅ [OK] Camera cam_001 - Luồng hình ảnh ổn định.
2026-06-26 10:12:37 | DEBUG    | heartbeat_service:43 | 💓 Nhịp tim gửi Master: {'server_id': 'SV_001', 'cpu_usage': 20.2, 'has_gpu': True, 'gpu_usage': 0, 'vram_free_gb': 3.23}
2026-06-26 10:12:37 | DEBUG    | connectionpool:241 | Starting new HTTP connection (1): 10.40.91.11:5000
2026-06-26 10:12:37 | DEBUG    | connectionpool:544 | http://10.40.91.11:5000 "POST /api/heartbeat HTTP/1.1" 200 68
2026-06-26 10:12:37 | DEBUG    | cameras_router:67 | ✅ [OK] Camera cam_002 - Luồng hình ảnh ổn định.
2026-06-26 10:12:38 | DEBUG    | cameras_router:67 | ✅ [OK] Camera cam_004 - Luồng hình ảnh ổn định.
2026-06-26 10:12:41 | DEBUG    | cameras_router:67 | ✅ [OK] Camera cam_006 - Luồng hình ảnh ổn định.
2026-06-26 10:12:43 | DEBUG    | heartbeat_service:43 | 💓 Nhịp tim gửi Master: {'server_id': 'SV_001', 'cpu_usage': 21.8, 'has_gpu': True, 'gpu_usage': 0, 'vram_free_gb': 3.23}
2026-06-26 10:12:43 | DEBUG    | connectionpool:241 | Starting new HTTP connection (1): 10.40.91.11:5000
2026-06-26 10:12:43 | DEBUG    | connectionpool:544 | http://10.40.91.11:5000 "POST /api/heartbeat HTTP/1.1" 200 68
2026-06-26 10:12:43 | DEBUG    | cameras_router:67 | ✅ [OK] Camera cam_008 - Luồng hình ảnh ổn định.
2026-06-26 10:12:46 | DEBUG    | cameras_router:67 | ✅ [OK] Camera cam_010 - Luồng hình ảnh ổn định.
2026-06-26 10:12:48 | DEBUG    | cameras_router:67 | ✅ [OK] Camera cam_012 - Luồng hình ảnh ổn định.
2026-06-26 10:12:49 | DEBUG    | heartbeat_service:43 | 💓 Nhịp tim gửi Master: {'server_id': 'SV_001', 'cpu_usage': 18.1, 'has_gpu': True, 'gpu_usage': 0, 'vram_free_gb': 3.23}
2026-06-26 10:12:49 | DEBUG    | connectionpool:241 | Starting new HTTP connection (1): 10.40.91.11:5000
2026-06-26 10:12:49 | DEBUG    | connectionpool:544 | http://10.40.91.11:5000 "POST /api/heartbeat HTTP/1.1" 200 68
2026-06-26 10:12:51 | DEBUG    | cameras_router:67 | ✅ [OK] Camera cam_014 - Luồng hình ảnh ổn định.
2026-06-26 10:12:52 | DEBUG    | cameras_router:67 | ✅ [OK] Camera cam_016 - Luồng hình ảnh ổn định.
2026-06-26 10:12:55 | DEBUG    | cameras_router:67 | ✅ [OK] Camera cam_018 - Luồng hình ảnh ổn định.
2026-06-26 10:12:55 | DEBUG    | heartbeat_service:43 | 💓 Nhịp tim gửi Master: {'server_id': 'SV_001', 'cpu_usage': 19.2, 'has_gpu': True, 'gpu_usage': 0, 'vram_free_gb': 3.23}
2026-06-26 10:12:55 | DEBUG    | connectionpool:241 | Starting new HTTP connection (1): 10.40.91.11:5000
2026-06-26 10:12:55 | DEBUG    | connectionpool:544 | http://10.40.91.11:5000 "POST /api/heartbeat HTTP/1.1" 200 68
2026-06-26 10:12:57 | DEBUG    | cameras_router:67 | ✅ [OK] Camera cam_005 - Luồng hình ảnh ổn định.
2026-06-26 10:13:00 | DEBUG    | cameras_router:67 | ✅ [OK] Camera cam_009 - Luồng hình ảnh ổn định.
2026-06-26 10:13:01 | DEBUG    | heartbeat_service:43 | 💓 Nhịp tim gửi Master: {'server_id': 'SV_001', 'cpu_usage': 27.9, 'has_gpu': True, 'gpu_usage': 0, 'vram_free_gb': 3.23}
2026-06-26 10:13:01 | DEBUG    | connectionpool:241 | Starting new HTTP connection (1): 10.40.91.11:5000
2026-06-26 10:13:02 | DEBUG    | cameras_router:67 | ✅ [OK] Camera cam_013 - Luồng hình ảnh ổn định.
2026-06-26 10:13:04 | DEBUG    | cameras_router:67 | ✅ [OK] Camera cam_017 - Luồng hình ảnh ổn định.
2026-06-26 10:13:06 | DEBUG    | cameras_router:67 | ✅ [OK] Camera cam_007 - Luồng hình ảnh ổn định.
2026-06-26 10:13:09 | DEBUG    | cameras_router:67 | ✅ [OK] Camera cam_015 - Luồng hình ảnh ổn định.
2026-06-26 10:13:09 | DEBUG    | heartbeat_service:43 | 💓 Nhịp tim gửi Master: {'server_id': 'SV_001', 'cpu_usage': 27.5, 'has_gpu': True, 'gpu_usage': 0, 'vram_free_gb': 3.23}
2026-06-26 10:13:09 | DEBUG    | connectionpool:241 | Starting new HTTP connection (1): 10.40.91.11:5000
2026-06-26 10:13:11 | DEBUG    | cameras_router:67 | ✅ [OK] Camera cam_011 - Luồng hình ảnh ổn định.
2026-06-26 10:13:12 | DEBUG    | cameras_router:67 | ✅ [OK] Camera cam_003 - Luồng hình ảnh ổn định.
2026-06-26 10:13:12 | DEBUG    | yolo_service:167 | 🧠 [AUTO-SCALE] VRAM 3.2GB | Phân bổ tối ưu: 6 Cam / 1 YOLO
